#
# There is insufficient memory for the Java Runtime Environment to continue.
# Native memory allocation (mmap) failed to map 36700160 bytes for Failed to commit area from 0x000000008ab00000 to 0x000000008ce00000 of length 36700160.
# Possible reasons:
#   The system is out of physical RAM or swap space
#   The process is running with CompressedOops enabled, and the Java Heap may be blocking the growth of the native heap
# Possible solutions:
#   Reduce memory load on the system
#   Increase physical memory or swap space
#   Check if swap backing store is full
#   Decrease Java heap size (-Xmx/-Xms)
#   Decrease number of Java threads
#   Decrease Java thread stack sizes (-Xss)
#   Set larger code cache with -XX:ReservedCodeCacheSize=
#   JVM is running with Unscaled Compressed Oops mode in which the Java heap is
#     placed in the first 4GB address space. The Java Heap base address is the
#     maximum limit for the native heap growth. Please use -XX:HeapBaseMinAddress
#     to set the Java Heap base and to place the Java Heap above 4GB virtual address.
# This output file may be truncated or incomplete.
#
#  Out of Memory Error (./src/hotspot/os/windows/os_windows.cpp:3521), pid=14584, tid=4272
#
# JRE version: OpenJDK Runtime Environment (11.0.12+7) (build 11.0.12+7-b1504.28-7817840)
# Java VM: OpenJDK 64-Bit Server VM (11.0.12+7-b1504.28-7817840, mixed mode, tiered, compressed oops, g1 gc, windows-amd64)
# No core dump will be written. Minidumps are not enabled by default on client versions of Windows
#

---------------  S U M M A R Y ------------

Command Line: --add-opens=java.base/java.util=ALL-UNNAMED --add-opens=java.base/java.lang=ALL-UNNAMED --add-opens=java.base/java.lang.invoke=ALL-UNNAMED --add-opens=java.base/java.util=ALL-UNNAMED --add-opens=java.prefs/java.util.prefs=ALL-UNNAMED --add-opens=java.prefs/java.util.prefs=ALL-UNNAMED --add-opens=java.base/java.nio.charset=ALL-UNNAMED --add-opens=java.base/java.net=ALL-UNNAMED --add-opens=java.base/java.util.concurrent.atomic=ALL-UNNAMED -Xmx2048m -Dfile.encoding=UTF-8 -Duser.country=US -Duser.language=en -Duser.variant org.gradle.launcher.daemon.bootstrap.GradleDaemon 7.3.3

Host: AMD Ryzen 7 4700U with Radeon Graphics         , 8 cores, 7G,  Windows 10 , 64 bit Build 19041 (10.0.19041.2251)
Time: Sun Nov 27 09:04:12 2022 SE Asia Standard Time elapsed time: 28.331482 seconds (0d 0h 0m 28s)

---------------  T H R E A D  ---------------

Current thread (0x000001a6fd81f800):  VMThread "VM Thread" [stack: 0x00000040e7800000,0x00000040e7900000] [id=4272]

Stack: [0x00000040e7800000,0x00000040e7900000]
[error occurred during error reporting (printing stack bounds), id 0xc0000005, EXCEPTION_ACCESS_VIOLATION (0xc0000005) at pc=0x000001a6e6eb112d]

Native frames: (J=compiled Java code, j=interpreted, Vv=VM code, C=native code)
V  [jvm.dll+0x5fbcea]
V  [jvm.dll+0x731905]
V  [jvm.dll+0x732f1d]
V  [jvm.dll+0x733535]
V  [jvm.dll+0x7334eb]
V  [jvm.dll+0x5fb080]
V  [jvm.dll+0x5fb818]
C  [ntdll.dll+0xa241f]
C  [ntdll.dll+0x514a4]
C  [ntdll.dll+0xa0f4e]
C  0x000001a6e6eb112d

VM_Operation (0x00000040f15fcba0): G1CollectForAllocation, mode: safepoint, requested by thread 0x000001a687806000


---------------  P R O C E S S  ---------------

Threads class SMR info:
_java_thread_list=0x000001a68557c6c0, length=151, elements={
0x000001a6e339d800, 0x000001a6fd822000, 0x000001a6fd82b800, 0x000001a6fd83d800,
0x000001a6fd83e800, 0x000001a6fd841000, 0x000001a6fd846800, 0x000001a6fd847800,
0x000001a6fd84a800, 0x000001a6fe2f9000, 0x000001a680059800, 0x000001a6ff531000,
0x000001a6801c6800, 0x000001a6803ac800, 0x000001a680172800, 0x000001a6800bd800,
0x000001a6800be800, 0x000001a6800b1800, 0x000001a6ff0b6800, 0x000001a6800a9800,
0x000001a6800ad000, 0x000001a6800a7800, 0x000001a6800a8000, 0x000001a6800aa800,
0x000001a6800ae000, 0x000001a6800ab800, 0x000001a6800ac000, 0x000001a6800a9000,
0x000001a680aed800, 0x000001a680af0800, 0x000001a680af2000, 0x000001a680aef800,
0x000001a680af3000, 0x000001a680af4000, 0x000001a680aee000, 0x000001a680af7000,
0x000001a680af8000, 0x000001a680afa800, 0x000001a680af4800, 0x000001a680af8800,
0x000001a680af6000, 0x000001a680af9800, 0x000001a680afb000, 0x000001a680af5800,
0x000001a680afc000, 0x000001a6824d7000, 0x000001a6824d7800, 0x000001a6824d9800,
0x000001a6824dc800, 0x000001a6824db000, 0x000001a6824dd800, 0x000001a6824da000,
0x000001a6824de000, 0x000001a6824d8800, 0x000001a6824e1800, 0x000001a6824dc000,
0x000001a6824e4000, 0x000001a6824e2800, 0x000001a6824e5000, 0x000001a6824e3000,
0x000001a6824df000, 0x000001a6824e5800, 0x000001a6824e0000, 0x000001a6824e0800,
0x000001a684915800, 0x000001a684913000, 0x000001a684916000, 0x000001a684910800,
0x000001a684914000, 0x000001a684917000, 0x000001a684911800, 0x000001a684918000,
0x000001a684914800, 0x000001a684912000, 0x000001a684919800, 0x000001a68491d000,
0x000001a684918800, 0x000001a68491a800, 0x000001a68491c000, 0x000001a68491d800,
0x000001a68491e800, 0x000001a68491f000, 0x000001a68491b000, 0x000001a684c32800,
0x000001a684c31800, 0x000001a684c31000, 0x000001a684c30000, 0x000001a684c2f000,
0x000001a684c33800, 0x000001a684c34000, 0x000001a684c2e800, 0x000001a684c3a800,
0x000001a684c35800, 0x000001a684c3a000, 0x000001a684c39000, 0x000001a684c35000,
0x000001a684c3b800, 0x000001a684c36800, 0x000001a684c3c800, 0x000001a684c3d000,
0x000001a684c37800, 0x000001a684c38000, 0x000001a684552000, 0x000001a68454e000,
0x000001a68454f800, 0x000001a684553000, 0x000001a684550800, 0x000001a684551800,
0x000001a68454f000, 0x000001a68454d800, 0x000001a684558800, 0x000001a684556800,
0x000001a684559800, 0x000001a684557000, 0x000001a684554000, 0x000001a68455a800,
0x000001a684558000, 0x000001a684554800, 0x000001a68455b000, 0x000001a684555800,
0x000001a68455c000, 0x000001a6858e1800, 0x000001a6858e2000, 0x000001a6858e4800,
0x000001a6858e4000, 0x000001a6858e0800, 0x000001a6858e6800, 0x000001a6858e7000,
0x000001a6858e8000, 0x000001a6858e8800, 0x000001a6858e3000, 0x000001a6858ec000,
0x000001a6858eb000, 0x000001a6858ef000, 0x000001a6858ee800, 0x000001a6858ed800,
0x000001a6858e9800, 0x000001a687801000, 0x000001a687803800, 0x000001a687804000,
0x000001a687802000, 0x000001a687800000, 0x000001a68780b800, 0x000001a687809000,
0x000001a68780b000, 0x000001a687808800, 0x000001a687806000, 0x000001a68780a000,
0x000001a68780c800, 0x000001a687807800, 0x000001a687805000
}

Java Threads: ( => current thread )
  0x000001a6e339d800 JavaThread "main" [_thread_blocked, id=10808, stack(0x00000040e7200000,0x00000040e7300000)]
  0x000001a6fd822000 JavaThread "Reference Handler" daemon [_thread_blocked, id=4224, stack(0x00000040e7900000,0x00000040e7a00000)]
  0x000001a6fd82b800 JavaThread "Finalizer" daemon [_thread_blocked, id=3516, stack(0x00000040e7a00000,0x00000040e7b00000)]
  0x000001a6fd83d800 JavaThread "Signal Dispatcher" daemon [_thread_blocked, id=15396, stack(0x00000040e7b00000,0x00000040e7c00000)]
  0x000001a6fd83e800 JavaThread "Attach Listener" daemon [_thread_blocked, id=8256, stack(0x00000040e7c00000,0x00000040e7d00000)]
  0x000001a6fd841000 JavaThread "Service Thread" daemon [_thread_blocked, id=17924, stack(0x00000040e7d00000,0x00000040e7e00000)]
  0x000001a6fd846800 JavaThread "C2 CompilerThread0" daemon [_thread_blocked, id=5732, stack(0x00000040e7e00000,0x00000040e7f00000)]
  0x000001a6fd847800 JavaThread "C1 CompilerThread0" daemon [_thread_blocked, id=3792, stack(0x00000040e7f00000,0x00000040e8000000)]
  0x000001a6fd84a800 JavaThread "Sweeper thread" daemon [_thread_blocked, id=18384, stack(0x00000040e8000000,0x00000040e8100000)]
  0x000001a6fe2f9000 JavaThread "Common-Cleaner" daemon [_thread_blocked, id=18148, stack(0x00000040e8100000,0x00000040e8200000)]
  0x000001a680059800 JavaThread "Daemon health stats" [_thread_blocked, id=5640, stack(0x00000040e8400000,0x00000040e8500000)]
  0x000001a6ff531000 JavaThread "Incoming local TCP Connector on port 62513" [_thread_in_native, id=15896, stack(0x00000040e8500000,0x00000040e8600000)]
  0x000001a6801c6800 JavaThread "Daemon periodic checks" [_thread_blocked, id=6396, stack(0x00000040e8600000,0x00000040e8700000)]
  0x000001a6803ac800 JavaThread "Daemon" [_thread_blocked, id=19196, stack(0x00000040e8700000,0x00000040e8800000)]
  0x000001a680172800 JavaThread "Handler for socket connection from /127.0.0.1:62513 to /127.0.0.1:62514" [_thread_in_native, id=15184, stack(0x00000040e8800000,0x00000040e8900000)]
  0x000001a6800bd800 JavaThread "Cancel handler" [_thread_blocked, id=3220, stack(0x00000040e8900000,0x00000040e8a00000)]
  0x000001a6800be800 JavaThread "Daemon worker" [_thread_blocked, id=18572, stack(0x00000040e8a00000,0x00000040e8b00000)]
  0x000001a6800b1800 JavaThread "Asynchronous log dispatcher for DefaultDaemonConnection: socket connection from /127.0.0.1:62513 to /127.0.0.1:62514" [_thread_blocked, id=21904, stack(0x00000040e8b00000,0x00000040e8c00000)]
  0x000001a6ff0b6800 JavaThread "Stdin handler" [_thread_blocked, id=16612, stack(0x00000040e8c00000,0x00000040e8d00000)]
  0x000001a6800a9800 JavaThread "Daemon client event forwarder" [_thread_blocked, id=10768, stack(0x00000040e8d00000,0x00000040e8e00000)]
  0x000001a6800ad000 JavaThread "Cache worker for journal cache (C:\Users\LENOVO\.gradle\caches\journal-1)" [_thread_blocked, id=20088, stack(0x00000040e9500000,0x00000040e9600000)]
  0x000001a6800a7800 JavaThread "File lock request listener" [_thread_in_native, id=19420, stack(0x00000040e9600000,0x00000040e9700000)]
  0x000001a6800a8000 JavaThread "Cache worker for file hash cache (C:\Users\LENOVO\.gradle\caches\7.3.3\fileHashes)" [_thread_blocked, id=18200, stack(0x00000040e9700000,0x00000040e9800000)]
  0x000001a6800aa800 JavaThread "Cache worker for file hash cache (C:\Users\LENOVO\AndroidStudioProjects\Jakselian\.gradle\7.3.3\fileHashes)" [_thread_blocked, id=7488, stack(0x00000040e9900000,0x00000040e9a00000)]
  0x000001a6800ae000 JavaThread "File watcher server" daemon [_thread_blocked, id=7228, stack(0x00000040e9a00000,0x00000040e9b00000)]
  0x000001a6800ab800 JavaThread "File watcher consumer" daemon [_thread_blocked, id=19328, stack(0x00000040e9b00000,0x00000040e9c00000)]
  0x000001a6800ac000 JavaThread "Cache worker for checksums cache (C:\Users\LENOVO\AndroidStudioProjects\Jakselian\.gradle\7.3.3\checksums)" [_thread_blocked, id=11380, stack(0x00000040e9c00000,0x00000040e9d00000)]
  0x000001a6800a9000 JavaThread "Cache worker for cache directory md-supplier (C:\Users\LENOVO\.gradle\caches\7.3.3\md-supplier)" [_thread_blocked, id=6976, stack(0x00000040e9d00000,0x00000040e9e00000)]
  0x000001a680aed800 JavaThread "Cache worker for cache directory md-rule (C:\Users\LENOVO\.gradle\caches\7.3.3\md-rule)" [_thread_blocked, id=18548, stack(0x00000040e9e00000,0x00000040e9f00000)]
  0x000001a680af0800 JavaThread "Cache worker for execution history cache (C:\Users\LENOVO\.gradle\caches\7.3.3\executionHistory)" [_thread_blocked, id=6708, stack(0x00000040e9f00000,0x00000040ea000000)]
  0x000001a680af2000 JavaThread "jar transforms" [_thread_blocked, id=8900, stack(0x00000040ea000000,0x00000040ea100000)]
  0x000001a680aef800 JavaThread "Cache worker for file content cache (C:\Users\LENOVO\.gradle\caches\7.3.3\fileContent)" [_thread_blocked, id=23752, stack(0x00000040ea100000,0x00000040ea200000)]
  0x000001a680af3000 JavaThread "jar transforms Thread 2" [_thread_blocked, id=15060, stack(0x00000040ea300000,0x00000040ea400000)]
  0x000001a680af4000 JavaThread "Cache worker for dependencies-accessors (C:\Users\LENOVO\AndroidStudioProjects\Jakselian\.gradle\7.3.3\dependencies-accessors)" [_thread_blocked, id=8316, stack(0x00000040ea500000,0x00000040ea600000)]
  0x000001a680aee000 JavaThread "jar transforms Thread 3" [_thread_blocked, id=9332, stack(0x00000040ea600000,0x00000040ea700000)]
  0x000001a680af7000 JavaThread "Cache worker for Build Output Cleanup Cache (C:\Users\LENOVO\AndroidStudioProjects\Jakselian\.gradle\buildOutputCleanup)" [_thread_blocked, id=1364, stack(0x00000040ea700000,0x00000040ea800000)]
  0x000001a680af8000 JavaThread "Unconstrained build operations" [_thread_blocked, id=7880, stack(0x00000040ea200000,0x00000040ea300000)]
  0x000001a680afa800 JavaThread "Unconstrained build operations Thread 2" [_thread_blocked, id=21956, stack(0x00000040ea400000,0x00000040ea500000)]
  0x000001a680af4800 JavaThread "Unconstrained build operations Thread 3" [_thread_blocked, id=15644, stack(0x00000040ea800000,0x00000040ea900000)]
  0x000001a680af8800 JavaThread "Unconstrained build operations Thread 4" [_thread_blocked, id=10920, stack(0x00000040ea900000,0x00000040eaa00000)]
  0x000001a680af6000 JavaThread "Unconstrained build operations Thread 5" [_thread_blocked, id=16464, stack(0x00000040eaa00000,0x00000040eab00000)]
  0x000001a680af9800 JavaThread "Unconstrained build operations Thread 6" [_thread_blocked, id=4528, stack(0x00000040eab00000,0x00000040eac00000)]
  0x000001a680afb000 JavaThread "Unconstrained build operations Thread 7" [_thread_blocked, id=10504, stack(0x00000040eac00000,0x00000040ead00000)]
  0x000001a680af5800 JavaThread "Unconstrained build operations Thread 8" [_thread_blocked, id=164, stack(0x00000040ead00000,0x00000040eae00000)]
  0x000001a680afc000 JavaThread "Unconstrained build operations Thread 9" [_thread_blocked, id=7844, stack(0x00000040eae00000,0x00000040eaf00000)]
  0x000001a6824d7000 JavaThread "Unconstrained build operations Thread 10" [_thread_blocked, id=10916, stack(0x00000040eaf00000,0x00000040eb000000)]
  0x000001a6824d7800 JavaThread "Unconstrained build operations Thread 11" [_thread_blocked, id=4288, stack(0x00000040eb000000,0x00000040eb100000)]
  0x000001a6824d9800 JavaThread "Unconstrained build operations Thread 12" [_thread_blocked, id=10064, stack(0x00000040eb100000,0x00000040eb200000)]
  0x000001a6824dc800 JavaThread "Unconstrained build operations Thread 13" [_thread_blocked, id=3044, stack(0x00000040eb200000,0x00000040eb300000)]
  0x000001a6824db000 JavaThread "Unconstrained build operations Thread 14" [_thread_blocked, id=18144, stack(0x00000040eb300000,0x00000040eb400000)]
  0x000001a6824dd800 JavaThread "Unconstrained build operations Thread 15" [_thread_blocked, id=19744, stack(0x00000040eb400000,0x00000040eb500000)]
  0x000001a6824da000 JavaThread "Unconstrained build operations Thread 16" [_thread_blocked, id=8648, stack(0x00000040eb500000,0x00000040eb600000)]
  0x000001a6824de000 JavaThread "Unconstrained build operations Thread 17" [_thread_blocked, id=4164, stack(0x00000040eb600000,0x00000040eb700000)]
  0x000001a6824d8800 JavaThread "Unconstrained build operations Thread 18" [_thread_blocked, id=3340, stack(0x00000040eb700000,0x00000040eb800000)]
  0x000001a6824e1800 JavaThread "Unconstrained build operations Thread 19" [_thread_blocked, id=16084, stack(0x00000040eb800000,0x00000040eb900000)]
  0x000001a6824dc000 JavaThread "Unconstrained build operations Thread 20" [_thread_blocked, id=4100, stack(0x00000040eb900000,0x00000040eba00000)]
  0x000001a6824e4000 JavaThread "Unconstrained build operations Thread 21" [_thread_blocked, id=19316, stack(0x00000040eba00000,0x00000040ebb00000)]
  0x000001a6824e2800 JavaThread "Unconstrained build operations Thread 22" [_thread_blocked, id=8520, stack(0x00000040ebb00000,0x00000040ebc00000)]
  0x000001a6824e5000 JavaThread "Unconstrained build operations Thread 23" [_thread_blocked, id=24292, stack(0x00000040ebc00000,0x00000040ebd00000)]
  0x000001a6824e3000 JavaThread "Unconstrained build operations Thread 24" [_thread_blocked, id=8736, stack(0x00000040ebd00000,0x00000040ebe00000)]
  0x000001a6824df000 JavaThread "Unconstrained build operations Thread 25" [_thread_blocked, id=19088, stack(0x00000040ebe00000,0x00000040ebf00000)]
  0x000001a6824e5800 JavaThread "Unconstrained build operations Thread 26" [_thread_blocked, id=17904, stack(0x00000040ebf00000,0x00000040ec000000)]
  0x000001a6824e0000 JavaThread "Unconstrained build operations Thread 27" [_thread_blocked, id=9196, stack(0x00000040ec000000,0x00000040ec100000)]
  0x000001a6824e0800 JavaThread "Unconstrained build operations Thread 28" [_thread_blocked, id=11396, stack(0x00000040ec100000,0x00000040ec200000)]
  0x000001a684915800 JavaThread "Unconstrained build operations Thread 29" [_thread_blocked, id=16648, stack(0x00000040ec200000,0x00000040ec300000)]
  0x000001a684913000 JavaThread "Unconstrained build operations Thread 30" [_thread_blocked, id=10396, stack(0x00000040ec300000,0x00000040ec400000)]
  0x000001a684916000 JavaThread "Unconstrained build operations Thread 31" [_thread_blocked, id=19756, stack(0x00000040ec400000,0x00000040ec500000)]
  0x000001a684910800 JavaThread "Unconstrained build operations Thread 32" [_thread_blocked, id=9316, stack(0x00000040ec500000,0x00000040ec600000)]
  0x000001a684914000 JavaThread "Unconstrained build operations Thread 33" [_thread_blocked, id=10616, stack(0x00000040ec600000,0x00000040ec700000)]
  0x000001a684917000 JavaThread "Unconstrained build operations Thread 34" [_thread_blocked, id=15864, stack(0x00000040ec700000,0x00000040ec800000)]
  0x000001a684911800 JavaThread "Unconstrained build operations Thread 35" [_thread_blocked, id=21180, stack(0x00000040ec800000,0x00000040ec900000)]
  0x000001a684918000 JavaThread "Unconstrained build operations Thread 36" [_thread_blocked, id=12276, stack(0x00000040ec900000,0x00000040eca00000)]
  0x000001a684914800 JavaThread "Unconstrained build operations Thread 37" [_thread_blocked, id=12640, stack(0x00000040eca00000,0x00000040ecb00000)]
  0x000001a684912000 JavaThread "Unconstrained build operations Thread 38" [_thread_blocked, id=23696, stack(0x00000040ecb00000,0x00000040ecc00000)]
  0x000001a684919800 JavaThread "Unconstrained build operations Thread 39" [_thread_blocked, id=7220, stack(0x00000040ecc00000,0x00000040ecd00000)]
  0x000001a68491d000 JavaThread "Unconstrained build operations Thread 40" [_thread_blocked, id=22788, stack(0x00000040ecd00000,0x00000040ece00000)]
  0x000001a684918800 JavaThread "Unconstrained build operations Thread 41" [_thread_blocked, id=18212, stack(0x00000040ece00000,0x00000040ecf00000)]
  0x000001a68491a800 JavaThread "Unconstrained build operations Thread 42" [_thread_blocked, id=18760, stack(0x00000040ecf00000,0x00000040ed000000)]
  0x000001a68491c000 JavaThread "Unconstrained build operations Thread 43" [_thread_blocked, id=8424, stack(0x00000040ed000000,0x00000040ed100000)]
  0x000001a68491d800 JavaThread "Unconstrained build operations Thread 44" [_thread_blocked, id=780, stack(0x00000040ed100000,0x00000040ed200000)]
  0x000001a68491e800 JavaThread "Unconstrained build operations Thread 45" [_thread_blocked, id=10696, stack(0x00000040ed200000,0x00000040ed300000)]
  0x000001a68491f000 JavaThread "Unconstrained build operations Thread 46" [_thread_blocked, id=19672, stack(0x00000040ed300000,0x00000040ed400000)]
  0x000001a68491b000 JavaThread "Unconstrained build operations Thread 47" [_thread_blocked, id=19924, stack(0x00000040ed400000,0x00000040ed500000)]
  0x000001a684c32800 JavaThread "Unconstrained build operations Thread 48" [_thread_blocked, id=3356, stack(0x00000040ed500000,0x00000040ed600000)]
  0x000001a684c31800 JavaThread "Unconstrained build operations Thread 49" [_thread_blocked, id=18532, stack(0x00000040ed600000,0x00000040ed700000)]
  0x000001a684c31000 JavaThread "Unconstrained build operations Thread 50" [_thread_blocked, id=296, stack(0x00000040ed700000,0x00000040ed800000)]
  0x000001a684c30000 JavaThread "Unconstrained build operations Thread 51" [_thread_blocked, id=9956, stack(0x00000040ed800000,0x00000040ed900000)]
  0x000001a684c2f000 JavaThread "Unconstrained build operations Thread 52" [_thread_blocked, id=7116, stack(0x00000040ed900000,0x00000040eda00000)]
  0x000001a684c33800 JavaThread "Unconstrained build operations Thread 53" [_thread_blocked, id=19572, stack(0x00000040eda00000,0x00000040edb00000)]
  0x000001a684c34000 JavaThread "Unconstrained build operations Thread 54" [_thread_blocked, id=6048, stack(0x00000040edb00000,0x00000040edc00000)]
  0x000001a684c2e800 JavaThread "Unconstrained build operations Thread 55" [_thread_blocked, id=23772, stack(0x00000040edc00000,0x00000040edd00000)]
  0x000001a684c3a800 JavaThread "Unconstrained build operations Thread 56" [_thread_blocked, id=12348, stack(0x00000040edd00000,0x00000040ede00000)]
  0x000001a684c35800 JavaThread "Unconstrained build operations Thread 57" [_thread_blocked, id=21640, stack(0x00000040ede00000,0x00000040edf00000)]
  0x000001a684c3a000 JavaThread "Unconstrained build operations Thread 58" [_thread_blocked, id=7832, stack(0x00000040edf00000,0x00000040ee000000)]
  0x000001a684c39000 JavaThread "Unconstrained build operations Thread 59" [_thread_blocked, id=11432, stack(0x00000040ee000000,0x00000040ee100000)]
  0x000001a684c35000 JavaThread "Unconstrained build operations Thread 60" [_thread_blocked, id=15820, stack(0x00000040ee100000,0x00000040ee200000)]
  0x000001a684c3b800 JavaThread "Unconstrained build operations Thread 61" [_thread_blocked, id=22196, stack(0x00000040ee200000,0x00000040ee300000)]
  0x000001a684c36800 JavaThread "Unconstrained build operations Thread 62" [_thread_blocked, id=14112, stack(0x00000040ee300000,0x00000040ee400000)]
  0x000001a684c3c800 JavaThread "Unconstrained build operations Thread 63" [_thread_blocked, id=17900, stack(0x00000040ee400000,0x00000040ee500000)]
  0x000001a684c3d000 JavaThread "Unconstrained build operations Thread 64" [_thread_blocked, id=3152, stack(0x00000040ee500000,0x00000040ee600000)]
  0x000001a684c37800 JavaThread "Unconstrained build operations Thread 65" [_thread_blocked, id=17452, stack(0x00000040ee600000,0x00000040ee700000)]
  0x000001a684c38000 JavaThread "Unconstrained build operations Thread 66" [_thread_blocked, id=10004, stack(0x00000040ee700000,0x00000040ee800000)]
  0x000001a684552000 JavaThread "Unconstrained build operations Thread 67" [_thread_blocked, id=16152, stack(0x00000040ee800000,0x00000040ee900000)]
  0x000001a68454e000 JavaThread "Unconstrained build operations Thread 68" [_thread_blocked, id=24184, stack(0x00000040ee900000,0x00000040eea00000)]
  0x000001a68454f800 JavaThread "Unconstrained build operations Thread 69" [_thread_blocked, id=20556, stack(0x00000040eea00000,0x00000040eeb00000)]
  0x000001a684553000 JavaThread "Unconstrained build operations Thread 70" [_thread_blocked, id=21052, stack(0x00000040eeb00000,0x00000040eec00000)]
  0x000001a684550800 JavaThread "Unconstrained build operations Thread 71" [_thread_blocked, id=24376, stack(0x00000040eec00000,0x00000040eed00000)]
  0x000001a684551800 JavaThread "Unconstrained build operations Thread 72" [_thread_blocked, id=9200, stack(0x00000040eed00000,0x00000040eee00000)]
  0x000001a68454f000 JavaThread "Unconstrained build operations Thread 73" [_thread_blocked, id=7212, stack(0x00000040eee00000,0x00000040eef00000)]
  0x000001a68454d800 JavaThread "Unconstrained build operations Thread 74" [_thread_blocked, id=21952, stack(0x00000040eef00000,0x00000040ef000000)]
  0x000001a684558800 JavaThread "Unconstrained build operations Thread 75" [_thread_blocked, id=16496, stack(0x00000040ef000000,0x00000040ef100000)]
  0x000001a684556800 JavaThread "Unconstrained build operations Thread 76" [_thread_blocked, id=10848, stack(0x00000040ef100000,0x00000040ef200000)]
  0x000001a684559800 JavaThread "Unconstrained build operations Thread 77" [_thread_blocked, id=11840, stack(0x00000040ef200000,0x00000040ef300000)]
  0x000001a684557000 JavaThread "Unconstrained build operations Thread 78" [_thread_blocked, id=20224, stack(0x00000040ef300000,0x00000040ef400000)]
  0x000001a684554000 JavaThread "Unconstrained build operations Thread 79" [_thread_blocked, id=436, stack(0x00000040ef400000,0x00000040ef500000)]
  0x000001a68455a800 JavaThread "Unconstrained build operations Thread 80" [_thread_blocked, id=22584, stack(0x00000040ef500000,0x00000040ef600000)]
  0x000001a684558000 JavaThread "jar transforms Thread 4" [_thread_blocked, id=18848, stack(0x00000040ef700000,0x00000040ef800000)]
  0x000001a684554800 JavaThread "jar transforms Thread 5" [_thread_blocked, id=23624, stack(0x00000040ef800000,0x00000040ef900000)]
  0x000001a68455b000 JavaThread "jar transforms Thread 6" [_thread_blocked, id=7920, stack(0x00000040ef900000,0x00000040efa00000)]
  0x000001a684555800 JavaThread "jar transforms Thread 7" [_thread_blocked, id=3632, stack(0x00000040efa00000,0x00000040efb00000)]
  0x000001a68455c000 JavaThread "jar transforms Thread 8" [_thread_blocked, id=16940, stack(0x00000040efb00000,0x00000040efc00000)]
  0x000001a6858e1800 JavaThread "Memory manager" [_thread_blocked, id=2204, stack(0x00000040efc00000,0x00000040efd00000)]
  0x000001a6858e2000 JavaThread "build event listener" [_thread_blocked, id=1724, stack(0x00000040efe00000,0x00000040eff00000)]
  0x000001a6858e4800 JavaThread "Execution worker for ':'" [_thread_blocked, id=20736, stack(0x00000040eff00000,0x00000040f0000000)]
  0x000001a6858e4000 JavaThread "Execution worker for ':' Thread 2" [_thread_blocked, id=6400, stack(0x00000040f0000000,0x00000040f0100000)]
  0x000001a6858e0800 JavaThread "Execution worker for ':' Thread 3" [_thread_blocked, id=13336, stack(0x00000040f0100000,0x00000040f0200000)]
  0x000001a6858e6800 JavaThread "Execution worker for ':' Thread 4" [_thread_blocked, id=5584, stack(0x00000040f0200000,0x00000040f0300000)]
  0x000001a6858e7000 JavaThread "Execution worker for ':' Thread 5" [_thread_blocked, id=2392, stack(0x00000040f0300000,0x00000040f0400000)]
  0x000001a6858e8000 JavaThread "Execution worker for ':' Thread 6" [_thread_blocked, id=23576, stack(0x00000040f0400000,0x00000040f0500000)]
  0x000001a6858e8800 JavaThread "Execution worker for ':' Thread 7" [_thread_blocked, id=14160, stack(0x00000040f0500000,0x00000040f0600000)]
  0x000001a6858e3000 JavaThread "Cache worker for execution history cache (C:\Users\LENOVO\AndroidStudioProjects\Jakselian\.gradle\7.3.3\executionHistory)" [_thread_blocked, id=22724, stack(0x00000040f0600000,0x00000040f0700000)]
  0x000001a6858ec000 JavaThread "Cache worker for Java compile cache (C:\Users\LENOVO\.gradle\caches\7.3.3\javaCompile)" [_thread_blocked, id=10672, stack(0x00000040f0700000,0x00000040f0800000)]
  0x000001a6858eb000 JavaThread "Build operations" [_thread_blocked, id=7260, stack(0x00000040f0800000,0x00000040f0900000)]
  0x000001a6858ef000 JavaThread "Build operations Thread 2" [_thread_blocked, id=18376, stack(0x00000040f0900000,0x00000040f0a00000)]
  0x000001a6858ee800 JavaThread "Build operations Thread 3" [_thread_blocked, id=14908, stack(0x00000040f0a00000,0x00000040f0b00000)]
  0x000001a6858ed800 JavaThread "Build operations Thread 4" [_thread_blocked, id=2512, stack(0x00000040f0b00000,0x00000040f0c00000)]
  0x000001a6858e9800 JavaThread "Build operations Thread 5" [_thread_blocked, id=19020, stack(0x00000040f0c00000,0x00000040f0d00000)]
  0x000001a687801000 JavaThread "Build operations Thread 6" [_thread_blocked, id=1356, stack(0x00000040f0d00000,0x00000040f0e00000)]
  0x000001a687803800 JavaThread "Build operations Thread 7" [_thread_blocked, id=18076, stack(0x00000040f0e00000,0x00000040f0f00000)]
  0x000001a687804000 JavaThread "Build operations Thread 8" [_thread_blocked, id=14660, stack(0x00000040f0f00000,0x00000040f1000000)]
  0x000001a687802000 JavaThread "C2 CompilerThread1" daemon [_thread_in_native, id=9348, stack(0x00000040ef600000,0x00000040ef700000)]
  0x000001a687800000 JavaThread "WorkerExecutor Queue" [_thread_blocked, id=16440, stack(0x00000040f1000000,0x00000040f1100000)]
  0x000001a68780b800 JavaThread "WorkerExecutor Queue Thread 2" [_thread_blocked, id=21676, stack(0x00000040f1100000,0x00000040f1200000)]
  0x000001a687809000 JavaThread "WorkerExecutor Queue Thread 3" [_thread_blocked, id=18260, stack(0x00000040f1200000,0x00000040f1300000)]
  0x000001a68780b000 JavaThread "WorkerExecutor Queue Thread 4" [_thread_blocked, id=10592, stack(0x00000040f1300000,0x00000040f1400000)]
  0x000001a687808800 JavaThread "WorkerExecutor Queue Thread 5" [_thread_blocked, id=12988, stack(0x00000040f1400000,0x00000040f1500000)]
  0x000001a687806000 JavaThread "WorkerExecutor Queue Thread 6" [_thread_blocked, id=22716, stack(0x00000040f1500000,0x00000040f1600000)]
  0x000001a68780a000 JavaThread "WorkerExecutor Queue Thread 7" [_thread_blocked, id=10452, stack(0x00000040f1600000,0x00000040f1700000)]
  0x000001a68780c800 JavaThread "WorkerExecutor Queue Thread 8" [_thread_blocked, id=22424, stack(0x00000040f1700000,0x00000040f1800000)]
  0x000001a687807800 JavaThread "WorkerExecutor Queue Thread 9" [_thread_blocked, id=6664, stack(0x00000040f1800000,0x00000040f1900000)]
  0x000001a687805000 JavaThread "C2 CompilerThread2" daemon [_thread_in_native, id=6676, stack(0x00000040efd00000,0x00000040efe00000)]

Other Threads:
=>0x000001a6fd81f800 VMThread "VM Thread" [stack: 0x00000040e7800000,0x00000040e7900000] [id=4272]
  0x000001a6fe300800 WatcherThread [stack: 0x00000040e8200000,0x00000040e8300000] [id=3724]
  0x000001a6e33b5800 GCTaskThread "GC Thread#0" [stack: 0x00000040e7300000,0x00000040e7400000] [id=3308]
  0x000001a6fefaf800 GCTaskThread "GC Thread#1" [stack: 0x00000040e8300000,0x00000040e8400000] [id=4480]
  0x000001a6803c3800 GCTaskThread "GC Thread#2" [stack: 0x00000040e8e00000,0x00000040e8f00000] [id=7720]
  0x000001a6803c4000 GCTaskThread "GC Thread#3" [stack: 0x00000040e8f00000,0x00000040e9000000] [id=12368]
  0x000001a6ff2ac800 GCTaskThread "GC Thread#4" [stack: 0x00000040e9000000,0x00000040e9100000] [id=21368]
  0x000001a6ff2ad000 GCTaskThread "GC Thread#5" [stack: 0x00000040e9100000,0x00000040e9200000] [id=12648]
  0x000001a6ff2ad800 GCTaskThread "GC Thread#6" [stack: 0x00000040e9200000,0x00000040e9300000] [id=21144]
  0x000001a6ff2ae800 GCTaskThread "GC Thread#7" [stack: 0x00000040e9300000,0x00000040e9400000] [id=6472]
  0x000001a6e33e7000 ConcurrentGCThread "G1 Main Marker" [stack: 0x00000040e7400000,0x00000040e7500000] [id=15248]
  0x000001a6e33ea800 ConcurrentGCThread "G1 Conc#0" [stack: 0x00000040e7500000,0x00000040e7600000] [id=12236]
  0x000001a680769000 ConcurrentGCThread "G1 Conc#1" [stack: 0x00000040e9800000,0x00000040e9900000] [id=20680]
  0x000001a6e3475800 ConcurrentGCThread "G1 Refine#0" [stack: 0x00000040e7600000,0x00000040e7700000] [id=8116]
  0x000001a6ff91b800 ConcurrentGCThread "G1 Refine#1" [stack: 0x00000040e9400000,0x00000040e9500000] [id=10148]
  0x000001a6e3477800 ConcurrentGCThread "G1 Young RemSet Sampling" [stack: 0x00000040e7700000,0x00000040e7800000] [id=11972]

Threads with active compile tasks:
C2 CompilerThread0  28356 14607       4       sun.security.provider.SHA::implDigest (96 bytes)
C2 CompilerThread1  28356 14386       4       java.lang.reflect.Method::invoke (65 bytes)
C2 CompilerThread2  28356 14523       4       org.gradle.internal.instantiation.generator.AbstractClassGenerator::inspectType (560 bytes)

VM state:at safepoint (normal execution)

VM Mutex/Monitor currently owned by a thread:  ([mutex/lock_event])
[0x000001a6e3399820] Threads_lock - owner thread: 0x000001a6fd81f800
[0x000001a6e339a2d0] Heap_lock - owner thread: 0x000001a687806000

Heap address: 0x0000000080000000, size: 2048 MB, Compressed Oops mode: 32-bit
Narrow klass base: 0x0000000000000000, Narrow klass shift: 3
Compressed class space size: 1073741824 Address: 0x0000000100000000

Heap:
 garbage-first heap   total 210944K, used 96707K [0x0000000080000000, 0x0000000100000000)
  region size 1024K, 3 young (3072K), 3 survivors (3072K)
 Metaspace       used 110468K, capacity 113512K, committed 114860K, reserved 1148928K
  class space    used 14393K, capacity 15571K, committed 16128K, reserved 1048576K
Heap Regions: E=young(eden), S=young(survivor), O=old, HS=humongous(starts), HC=humongous(continues), CS=collection set, F=free, A=archive, TAMS=top-at-mark-start (previous, next)
|   0|0x0000000080000000, 0x0000000080100000, 0x0000000080100000|100%| O|  |TAMS 0x0000000080100000, 0x0000000080100000| Untracked 
|   1|0x0000000080100000, 0x0000000080200000, 0x0000000080200000|100%| O|  |TAMS 0x0000000080200000, 0x0000000080200000| Untracked 
|   2|0x0000000080200000, 0x0000000080300000, 0x0000000080300000|100%| O|  |TAMS 0x0000000080300000, 0x0000000080300000| Untracked 
|   3|0x0000000080300000, 0x0000000080400000, 0x0000000080400000|100%|HS|  |TAMS 0x0000000080400000, 0x0000000080400000| Complete 
|   4|0x0000000080400000, 0x0000000080500000, 0x0000000080500000|100%|HC|  |TAMS 0x0000000080500000, 0x0000000080500000| Complete 
|   5|0x0000000080500000, 0x0000000080600000, 0x0000000080600000|100%|HC|  |TAMS 0x0000000080600000, 0x0000000080600000| Complete 
|   6|0x0000000080600000, 0x0000000080700000, 0x0000000080700000|100%| O|  |TAMS 0x0000000080700000, 0x0000000080700000| Untracked 
|   7|0x0000000080700000, 0x0000000080800000, 0x0000000080800000|100%| O|  |TAMS 0x0000000080800000, 0x0000000080800000| Untracked 
|   8|0x0000000080800000, 0x0000000080900000, 0x0000000080900000|100%| O|  |TAMS 0x0000000080900000, 0x0000000080900000| Untracked 
|   9|0x0000000080900000, 0x0000000080a00000, 0x0000000080a00000|100%| O|  |TAMS 0x0000000080a00000, 0x0000000080a00000| Untracked 
|  10|0x0000000080a00000, 0x0000000080b00000, 0x0000000080b00000|100%| O|  |TAMS 0x0000000080b00000, 0x0000000080b00000| Untracked 
|  11|0x0000000080b00000, 0x0000000080c00000, 0x0000000080c00000|100%| O|  |TAMS 0x0000000080c00000, 0x0000000080c00000| Untracked 
|  12|0x0000000080c00000, 0x0000000080d00000, 0x0000000080d00000|100%| O|  |TAMS 0x0000000080d00000, 0x0000000080d00000| Untracked 
|  13|0x0000000080d00000, 0x0000000080e00000, 0x0000000080e00000|100%| O|  |TAMS 0x0000000080e00000, 0x0000000080e00000| Untracked 
|  14|0x0000000080e00000, 0x0000000080f00000, 0x0000000080f00000|100%| O|  |TAMS 0x0000000080f00000, 0x0000000080f00000| Untracked 
|  15|0x0000000080f00000, 0x0000000081000000, 0x0000000081000000|100%| O|  |TAMS 0x0000000081000000, 0x0000000081000000| Untracked 
|  16|0x0000000081000000, 0x0000000081100000, 0x0000000081100000|100%| O|  |TAMS 0x0000000081100000, 0x0000000081100000| Untracked 
|  17|0x0000000081100000, 0x0000000081200000, 0x0000000081200000|100%| O|  |TAMS 0x0000000081200000, 0x0000000081200000| Untracked 
|  18|0x0000000081200000, 0x0000000081300000, 0x0000000081300000|100%| O|  |TAMS 0x0000000081300000, 0x0000000081300000| Untracked 
|  19|0x0000000081300000, 0x0000000081400000, 0x0000000081400000|100%| O|  |TAMS 0x0000000081400000, 0x0000000081400000| Untracked 
|  20|0x0000000081400000, 0x0000000081500000, 0x0000000081500000|100%| O|  |TAMS 0x0000000081500000, 0x0000000081500000| Untracked 
|  21|0x0000000081500000, 0x0000000081600000, 0x0000000081600000|100%| O|  |TAMS 0x0000000081600000, 0x0000000081600000| Untracked 
|  22|0x0000000081600000, 0x0000000081700000, 0x0000000081700000|100%| O|  |TAMS 0x0000000081700000, 0x0000000081700000| Untracked 
|  23|0x0000000081700000, 0x0000000081800000, 0x0000000081800000|100%| O|  |TAMS 0x0000000081800000, 0x0000000081800000| Untracked 
|  24|0x0000000081800000, 0x0000000081900000, 0x0000000081900000|100%| O|  |TAMS 0x0000000081900000, 0x0000000081900000| Untracked 
|  25|0x0000000081900000, 0x0000000081a00000, 0x0000000081a00000|100%| O|  |TAMS 0x0000000081a00000, 0x0000000081a00000| Untracked 
|  26|0x0000000081a00000, 0x0000000081b00000, 0x0000000081b00000|100%|HS|  |TAMS 0x0000000081b00000, 0x0000000081b00000| Complete 
|  27|0x0000000081b00000, 0x0000000081c00000, 0x0000000081c00000|100%|HS|  |TAMS 0x0000000081c00000, 0x0000000081c00000| Complete 
|  28|0x0000000081c00000, 0x0000000081d00000, 0x0000000081d00000|100%|HS|  |TAMS 0x0000000081d00000, 0x0000000081d00000| Complete 
|  29|0x0000000081d00000, 0x0000000081e00000, 0x0000000081e00000|100%|HC|  |TAMS 0x0000000081e00000, 0x0000000081e00000| Complete 
|  30|0x0000000081e00000, 0x0000000081f00000, 0x0000000081f00000|100%| O|  |TAMS 0x0000000081f00000, 0x0000000081f00000| Untracked 
|  31|0x0000000081f00000, 0x0000000082000000, 0x0000000082000000|100%| O|  |TAMS 0x0000000082000000, 0x0000000082000000| Untracked 
|  32|0x0000000082000000, 0x0000000082100000, 0x0000000082100000|100%| O|  |TAMS 0x0000000082100000, 0x0000000082100000| Untracked 
|  33|0x0000000082100000, 0x0000000082200000, 0x0000000082200000|100%| O|  |TAMS 0x0000000082200000, 0x0000000082200000| Untracked 
|  34|0x0000000082200000, 0x0000000082300000, 0x0000000082300000|100%| O|  |TAMS 0x0000000082300000, 0x0000000082300000| Untracked 
|  35|0x0000000082300000, 0x0000000082400000, 0x0000000082400000|100%| O|  |TAMS 0x0000000082400000, 0x0000000082400000| Untracked 
|  36|0x0000000082400000, 0x0000000082500000, 0x0000000082500000|100%| O|  |TAMS 0x0000000082500000, 0x0000000082500000| Untracked 
|  37|0x0000000082500000, 0x0000000082600000, 0x0000000082600000|100%| O|  |TAMS 0x0000000082600000, 0x0000000082600000| Untracked 
|  38|0x0000000082600000, 0x0000000082700000, 0x0000000082700000|100%| O|  |TAMS 0x0000000082700000, 0x0000000082700000| Untracked 
|  39|0x0000000082700000, 0x0000000082800000, 0x0000000082800000|100%| O|  |TAMS 0x0000000082800000, 0x0000000082800000| Untracked 
|  40|0x0000000082800000, 0x0000000082900000, 0x0000000082900000|100%| O|  |TAMS 0x0000000082900000, 0x0000000082900000| Untracked 
|  41|0x0000000082900000, 0x0000000082a00000, 0x0000000082a00000|100%| O|  |TAMS 0x0000000082a00000, 0x0000000082a00000| Untracked 
|  42|0x0000000082a00000, 0x0000000082b00000, 0x0000000082b00000|100%| O|  |TAMS 0x0000000082b00000, 0x0000000082b00000| Untracked 
|  43|0x0000000082b00000, 0x0000000082c00000, 0x0000000082c00000|100%| O|  |TAMS 0x0000000082c00000, 0x0000000082c00000| Untracked 
|  44|0x0000000082c00000, 0x0000000082d00000, 0x0000000082d00000|100%| O|  |TAMS 0x0000000082d00000, 0x0000000082d00000| Untracked 
|  45|0x0000000082d00000, 0x0000000082e00000, 0x0000000082e00000|100%| O|  |TAMS 0x0000000082e00000, 0x0000000082e00000| Untracked 
|  46|0x0000000082e00000, 0x0000000082f00000, 0x0000000082f00000|100%| O|  |TAMS 0x0000000082f00000, 0x0000000082f00000| Untracked 
|  47|0x0000000082f00000, 0x0000000083000000, 0x0000000083000000|100%| O|  |TAMS 0x0000000083000000, 0x0000000083000000| Untracked 
|  48|0x0000000083000000, 0x0000000083100000, 0x0000000083100000|100%| O|  |TAMS 0x0000000083100000, 0x0000000083100000| Untracked 
|  49|0x0000000083100000, 0x0000000083200000, 0x0000000083200000|100%| O|  |TAMS 0x0000000083200000, 0x0000000083200000| Untracked 
|  50|0x0000000083200000, 0x0000000083300000, 0x0000000083300000|100%| O|  |TAMS 0x0000000083300000, 0x0000000083300000| Untracked 
|  51|0x0000000083300000, 0x0000000083400000, 0x0000000083400000|100%| O|  |TAMS 0x0000000083400000, 0x0000000083400000| Untracked 
|  52|0x0000000083400000, 0x0000000083500000, 0x0000000083500000|100%| O|  |TAMS 0x0000000083500000, 0x0000000083500000| Untracked 
|  53|0x0000000083500000, 0x0000000083600000, 0x0000000083600000|100%| O|  |TAMS 0x0000000083600000, 0x0000000083600000| Untracked 
|  54|0x0000000083600000, 0x0000000083700000, 0x0000000083700000|100%| O|  |TAMS 0x0000000083700000, 0x0000000083700000| Untracked 
|  55|0x0000000083700000, 0x0000000083800000, 0x0000000083800000|100%| O|  |TAMS 0x0000000083800000, 0x0000000083800000| Untracked 
|  56|0x0000000083800000, 0x0000000083900000, 0x0000000083900000|100%| O|  |TAMS 0x0000000083900000, 0x0000000083900000| Untracked 
|  57|0x0000000083900000, 0x0000000083a00000, 0x0000000083a00000|100%| O|  |TAMS 0x0000000083a00000, 0x0000000083a00000| Untracked 
|  58|0x0000000083a00000, 0x0000000083b00000, 0x0000000083b00000|100%| O|  |TAMS 0x0000000083b00000, 0x0000000083b00000| Untracked 
|  59|0x0000000083b00000, 0x0000000083c00000, 0x0000000083c00000|100%| O|  |TAMS 0x0000000083c00000, 0x0000000083c00000| Untracked 
|  60|0x0000000083c00000, 0x0000000083d00000, 0x0000000083d00000|100%| O|  |TAMS 0x0000000083d00000, 0x0000000083d00000| Untracked 
|  61|0x0000000083d00000, 0x0000000083e00000, 0x0000000083e00000|100%| O|  |TAMS 0x0000000083e00000, 0x0000000083e00000| Untracked 
|  62|0x0000000083e00000, 0x0000000083f00000, 0x0000000083f00000|100%| O|  |TAMS 0x0000000083f00000, 0x0000000083f00000| Untracked 
|  63|0x0000000083f00000, 0x0000000084000000, 0x0000000084000000|100%| O|  |TAMS 0x0000000084000000, 0x0000000084000000| Untracked 
|  64|0x0000000084000000, 0x0000000084100000, 0x0000000084100000|100%| O|  |TAMS 0x0000000084100000, 0x0000000084100000| Untracked 
|  65|0x0000000084100000, 0x0000000084200000, 0x0000000084200000|100%| O|  |TAMS 0x0000000084200000, 0x0000000084200000| Untracked 
|  66|0x0000000084200000, 0x0000000084300000, 0x0000000084300000|100%| O|  |TAMS 0x0000000084300000, 0x0000000084300000| Untracked 
|  67|0x0000000084300000, 0x0000000084400000, 0x0000000084400000|100%| O|  |TAMS 0x0000000084400000, 0x0000000084400000| Untracked 
|  68|0x0000000084400000, 0x0000000084500000, 0x0000000084500000|100%| O|  |TAMS 0x0000000084500000, 0x0000000084500000| Untracked 
|  69|0x0000000084500000, 0x0000000084600000, 0x0000000084600000|100%| O|  |TAMS 0x0000000084600000, 0x0000000084600000| Untracked 
|  70|0x0000000084600000, 0x0000000084700000, 0x0000000084700000|100%| O|  |TAMS 0x0000000084700000, 0x0000000084700000| Untracked 
|  71|0x0000000084700000, 0x0000000084800000, 0x0000000084800000|100%| O|  |TAMS 0x0000000084800000, 0x0000000084800000| Untracked 
|  72|0x0000000084800000, 0x0000000084900000, 0x0000000084900000|100%| O|  |TAMS 0x0000000084900000, 0x0000000084900000| Untracked 
|  73|0x0000000084900000, 0x0000000084a00000, 0x0000000084a00000|100%| O|  |TAMS 0x0000000084900000, 0x0000000084a00000| Untracked 
|  74|0x0000000084a00000, 0x0000000084ac8000, 0x0000000084b00000| 78%| O|  |TAMS 0x0000000084a00000, 0x0000000084ac8000| Untracked 
|  75|0x0000000084b00000, 0x0000000084b00000, 0x0000000084c00000|  0%| F|  |TAMS 0x0000000084b00000, 0x0000000084b00000| Untracked 
|  76|0x0000000084c00000, 0x0000000084c00000, 0x0000000084d00000|  0%| F|  |TAMS 0x0000000084c00000, 0x0000000084c00000| Untracked 
|  77|0x0000000084d00000, 0x0000000084d00000, 0x0000000084e00000|  0%| F|  |TAMS 0x0000000084d00000, 0x0000000084d00000| Untracked 
|  78|0x0000000084e00000, 0x0000000084e00000, 0x0000000084f00000|  0%| F|  |TAMS 0x0000000084e00000, 0x0000000084e00000| Untracked 
|  79|0x0000000084f00000, 0x0000000084f00000, 0x0000000085000000|  0%| F|  |TAMS 0x0000000084f00000, 0x0000000084f00000| Untracked 
|  80|0x0000000085000000, 0x0000000085100000, 0x0000000085100000|100%| O|  |TAMS 0x0000000085100000, 0x0000000085100000| Untracked 
|  81|0x0000000085100000, 0x0000000085200000, 0x0000000085200000|100%| O|  |TAMS 0x0000000085200000, 0x0000000085200000| Untracked 
|  82|0x0000000085200000, 0x0000000085300000, 0x0000000085300000|100%| O|  |TAMS 0x0000000085300000, 0x0000000085300000| Untracked 
|  83|0x0000000085300000, 0x0000000085300000, 0x0000000085400000|  0%| F|  |TAMS 0x0000000085300000, 0x0000000085300000| Untracked 
|  84|0x0000000085400000, 0x0000000085400000, 0x0000000085500000|  0%| F|  |TAMS 0x0000000085400000, 0x0000000085400000| Untracked 
|  85|0x0000000085500000, 0x0000000085500000, 0x0000000085600000|  0%| F|  |TAMS 0x0000000085500000, 0x0000000085500000| Untracked 
|  86|0x0000000085600000, 0x0000000085700000, 0x0000000085700000|100%| O|  |TAMS 0x0000000085700000, 0x0000000085700000| Untracked 
|  87|0x0000000085700000, 0x0000000085800000, 0x0000000085800000|100%| O|  |TAMS 0x0000000085800000, 0x0000000085800000| Untracked 
|  88|0x0000000085800000, 0x0000000085900000, 0x0000000085900000|100%| O|  |TAMS 0x0000000085900000, 0x0000000085900000| Untracked 
|  89|0x0000000085900000, 0x0000000085a00000, 0x0000000085a00000|100%| O|  |TAMS 0x0000000085a00000, 0x0000000085a00000| Untracked 
|  90|0x0000000085a00000, 0x0000000085b00000, 0x0000000085b00000|100%| O|  |TAMS 0x0000000085b00000, 0x0000000085b00000| Untracked 
|  91|0x0000000085b00000, 0x0000000085c00000, 0x0000000085c00000|100%| O|  |TAMS 0x0000000085c00000, 0x0000000085c00000| Untracked 
|  92|0x0000000085c00000, 0x0000000085d00000, 0x0000000085d00000|100%| O|  |TAMS 0x0000000085d00000, 0x0000000085d00000| Untracked 
|  93|0x0000000085d00000, 0x0000000085e00000, 0x0000000085e00000|100%| O|  |TAMS 0x0000000085e00000, 0x0000000085e00000| Untracked 
|  94|0x0000000085e00000, 0x0000000085f00000, 0x0000000085f00000|100%| O|  |TAMS 0x0000000085f00000, 0x0000000085f00000| Untracked 
|  95|0x0000000085f00000, 0x0000000086000000, 0x0000000086000000|100%| O|  |TAMS 0x0000000086000000, 0x0000000086000000| Untracked 
|  96|0x0000000086000000, 0x0000000086100000, 0x0000000086100000|100%| O|  |TAMS 0x0000000086100000, 0x0000000086100000| Untracked 
|  97|0x0000000086100000, 0x0000000086200000, 0x0000000086200000|100%| O|  |TAMS 0x0000000086200000, 0x0000000086200000| Untracked 
|  98|0x0000000086200000, 0x0000000086300000, 0x0000000086300000|100%| O|  |TAMS 0x0000000086300000, 0x0000000086300000| Untracked 
|  99|0x0000000086300000, 0x0000000086400000, 0x0000000086400000|100%| O|  |TAMS 0x0000000086353c00, 0x0000000086400000| Untracked 
| 100|0x0000000086400000, 0x0000000086400000, 0x0000000086500000|  0%| F|  |TAMS 0x0000000086400000, 0x0000000086400000| Untracked 
| 101|0x0000000086500000, 0x0000000086500000, 0x0000000086600000|  0%| F|  |TAMS 0x0000000086500000, 0x0000000086500000| Untracked 
| 102|0x0000000086600000, 0x0000000086600000, 0x0000000086700000|  0%| F|  |TAMS 0x0000000086600000, 0x0000000086600000| Untracked 
| 103|0x0000000086700000, 0x0000000086700000, 0x0000000086800000|  0%| F|  |TAMS 0x0000000086700000, 0x0000000086700000| Untracked 
| 104|0x0000000086800000, 0x0000000086800000, 0x0000000086900000|  0%| F|  |TAMS 0x0000000086800000, 0x0000000086800000| Untracked 
| 105|0x0000000086900000, 0x0000000086900000, 0x0000000086a00000|  0%| F|  |TAMS 0x0000000086900000, 0x0000000086900000| Untracked 
| 106|0x0000000086a00000, 0x0000000086a00000, 0x0000000086b00000|  0%| F|  |TAMS 0x0000000086a00000, 0x0000000086a00000| Untracked 
| 107|0x0000000086b00000, 0x0000000086b00000, 0x0000000086c00000|  0%| F|  |TAMS 0x0000000086b00000, 0x0000000086b00000| Untracked 
| 108|0x0000000086c00000, 0x0000000086c00000, 0x0000000086d00000|  0%| F|  |TAMS 0x0000000086c00000, 0x0000000086c00000| Untracked 
| 109|0x0000000086d00000, 0x0000000086d00000, 0x0000000086e00000|  0%| F|  |TAMS 0x0000000086d00000, 0x0000000086d00000| Untracked 
| 110|0x0000000086e00000, 0x0000000086e00000, 0x0000000086f00000|  0%| F|  |TAMS 0x0000000086e00000, 0x0000000086e00000| Untracked 
| 111|0x0000000086f00000, 0x0000000086f00000, 0x0000000087000000|  0%| F|  |TAMS 0x0000000086f00000, 0x0000000086f00000| Untracked 
| 112|0x0000000087000000, 0x0000000087000000, 0x0000000087100000|  0%| F|  |TAMS 0x0000000087000000, 0x0000000087000000| Untracked 
| 113|0x0000000087100000, 0x0000000087100000, 0x0000000087200000|  0%| F|  |TAMS 0x0000000087100000, 0x0000000087100000| Untracked 
| 114|0x0000000087200000, 0x0000000087200000, 0x0000000087300000|  0%| F|  |TAMS 0x0000000087200000, 0x0000000087200000| Untracked 
| 115|0x0000000087300000, 0x0000000087300000, 0x0000000087400000|  0%| F|  |TAMS 0x0000000087300000, 0x0000000087300000| Untracked 
| 116|0x0000000087400000, 0x0000000087400000, 0x0000000087500000|  0%| F|  |TAMS 0x0000000087400000, 0x0000000087400000| Untracked 
| 117|0x0000000087500000, 0x0000000087500000, 0x0000000087600000|  0%| F|  |TAMS 0x0000000087500000, 0x0000000087500000| Untracked 
| 118|0x0000000087600000, 0x0000000087600000, 0x0000000087700000|  0%| F|  |TAMS 0x0000000087600000, 0x0000000087600000| Untracked 
| 119|0x0000000087700000, 0x0000000087700000, 0x0000000087800000|  0%| F|  |TAMS 0x0000000087700000, 0x0000000087700000| Untracked 
| 120|0x0000000087800000, 0x0000000087800000, 0x0000000087900000|  0%| F|  |TAMS 0x0000000087800000, 0x0000000087800000| Untracked 
| 121|0x0000000087900000, 0x0000000087900000, 0x0000000087a00000|  0%| F|  |TAMS 0x0000000087900000, 0x0000000087900000| Untracked 
| 122|0x0000000087a00000, 0x0000000087a00000, 0x0000000087b00000|  0%| F|  |TAMS 0x0000000087a00000, 0x0000000087a00000| Untracked 
| 123|0x0000000087b00000, 0x0000000087b00000, 0x0000000087c00000|  0%| F|  |TAMS 0x0000000087b00000, 0x0000000087b00000| Untracked 
| 124|0x0000000087c00000, 0x0000000087c00000, 0x0000000087d00000|  0%| F|  |TAMS 0x0000000087c00000, 0x0000000087c00000| Untracked 
| 125|0x0000000087d00000, 0x0000000087d00000, 0x0000000087e00000|  0%| F|  |TAMS 0x0000000087d00000, 0x0000000087d00000| Untracked 
| 126|0x0000000087e00000, 0x0000000087e00000, 0x0000000087f00000|  0%| F|  |TAMS 0x0000000087e00000, 0x0000000087e00000| Untracked 
| 127|0x0000000087f00000, 0x0000000087f00000, 0x0000000088000000|  0%| F|  |TAMS 0x0000000087f00000, 0x0000000087f00000| Untracked 
| 128|0x0000000088000000, 0x00000000880a8ea8, 0x0000000088100000| 65%| S|CS|TAMS 0x0000000088000000, 0x0000000088000000| Complete 
| 129|0x0000000088100000, 0x0000000088200000, 0x0000000088200000|100%| S|CS|TAMS 0x0000000088100000, 0x0000000088100000| Complete 
| 130|0x0000000088200000, 0x0000000088300000, 0x0000000088300000|100%| S|CS|TAMS 0x0000000088200000, 0x0000000088200000| Complete 
| 131|0x0000000088300000, 0x0000000088300000, 0x0000000088400000|  0%| F|  |TAMS 0x0000000088300000, 0x0000000088300000| Untracked 
| 132|0x0000000088400000, 0x0000000088400000, 0x0000000088500000|  0%| F|  |TAMS 0x0000000088400000, 0x0000000088400000| Untracked 
| 133|0x0000000088500000, 0x0000000088500000, 0x0000000088600000|  0%| F|  |TAMS 0x0000000088500000, 0x0000000088500000| Untracked 
| 134|0x0000000088600000, 0x0000000088600000, 0x0000000088700000|  0%| F|  |TAMS 0x0000000088600000, 0x0000000088600000| Untracked 
| 135|0x0000000088700000, 0x0000000088700000, 0x0000000088800000|  0%| F|  |TAMS 0x0000000088700000, 0x0000000088700000| Untracked 
| 136|0x0000000088800000, 0x0000000088800000, 0x0000000088900000|  0%| F|  |TAMS 0x0000000088800000, 0x0000000088800000| Untracked 
| 137|0x0000000088900000, 0x0000000088900000, 0x0000000088a00000|  0%| F|  |TAMS 0x0000000088900000, 0x0000000088900000| Untracked 
| 138|0x0000000088a00000, 0x0000000088a00000, 0x0000000088b00000|  0%| F|  |TAMS 0x0000000088a00000, 0x0000000088a00000| Untracked 
| 139|0x0000000088b00000, 0x0000000088b00000, 0x0000000088c00000|  0%| F|  |TAMS 0x0000000088b00000, 0x0000000088b00000| Untracked 
| 140|0x0000000088c00000, 0x0000000088c00000, 0x0000000088d00000|  0%| F|  |TAMS 0x0000000088c00000, 0x0000000088c00000| Untracked 
| 141|0x0000000088d00000, 0x0000000088d00000, 0x0000000088e00000|  0%| F|  |TAMS 0x0000000088d00000, 0x0000000088d00000| Untracked 
| 142|0x0000000088e00000, 0x0000000088e00000, 0x0000000088f00000|  0%| F|  |TAMS 0x0000000088e00000, 0x0000000088e00000| Untracked 
| 143|0x0000000088f00000, 0x0000000088f00000, 0x0000000089000000|  0%| F|  |TAMS 0x0000000088f00000, 0x0000000088f00000| Untracked 
| 144|0x0000000089000000, 0x0000000089000000, 0x0000000089100000|  0%| F|  |TAMS 0x0000000089000000, 0x0000000089000000| Untracked 
| 145|0x0000000089100000, 0x0000000089100000, 0x0000000089200000|  0%| F|  |TAMS 0x0000000089100000, 0x0000000089100000| Untracked 
| 146|0x0000000089200000, 0x0000000089200000, 0x0000000089300000|  0%| F|  |TAMS 0x0000000089200000, 0x0000000089200000| Untracked 
| 147|0x0000000089300000, 0x0000000089300000, 0x0000000089400000|  0%| F|  |TAMS 0x0000000089300000, 0x0000000089300000| Untracked 
| 148|0x0000000089400000, 0x0000000089400000, 0x0000000089500000|  0%| F|  |TAMS 0x0000000089400000, 0x0000000089400000| Untracked 
| 149|0x0000000089500000, 0x0000000089500000, 0x0000000089600000|  0%| F|  |TAMS 0x0000000089500000, 0x0000000089500000| Untracked 
| 150|0x0000000089600000, 0x0000000089600000, 0x0000000089700000|  0%| F|  |TAMS 0x0000000089600000, 0x0000000089600000| Untracked 
| 151|0x0000000089700000, 0x0000000089700000, 0x0000000089800000|  0%| F|  |TAMS 0x0000000089700000, 0x0000000089700000| Untracked 
| 152|0x0000000089800000, 0x0000000089800000, 0x0000000089900000|  0%| F|  |TAMS 0x0000000089800000, 0x0000000089800000| Untracked 
| 153|0x0000000089900000, 0x0000000089900000, 0x0000000089a00000|  0%| F|  |TAMS 0x0000000089900000, 0x0000000089900000| Untracked 
| 154|0x0000000089a00000, 0x0000000089a00000, 0x0000000089b00000|  0%| F|  |TAMS 0x0000000089a00000, 0x0000000089a00000| Untracked 
| 155|0x0000000089b00000, 0x0000000089b00000, 0x0000000089c00000|  0%| F|  |TAMS 0x0000000089b00000, 0x0000000089b00000| Untracked 
| 156|0x0000000089c00000, 0x0000000089c00000, 0x0000000089d00000|  0%| F|  |TAMS 0x0000000089c00000, 0x0000000089c00000| Untracked 
| 157|0x0000000089d00000, 0x0000000089d00000, 0x0000000089e00000|  0%| F|  |TAMS 0x0000000089d00000, 0x0000000089d00000| Untracked 
| 158|0x0000000089e00000, 0x0000000089e00000, 0x0000000089f00000|  0%| F|  |TAMS 0x0000000089e00000, 0x0000000089e00000| Untracked 
| 159|0x0000000089f00000, 0x0000000089f00000, 0x000000008a000000|  0%| F|  |TAMS 0x0000000089f00000, 0x0000000089f00000| Untracked 
| 160|0x000000008a000000, 0x000000008a000000, 0x000000008a100000|  0%| F|  |TAMS 0x000000008a000000, 0x000000008a000000| Untracked 
| 161|0x000000008a100000, 0x000000008a100000, 0x000000008a200000|  0%| F|  |TAMS 0x000000008a100000, 0x000000008a100000| Untracked 
| 162|0x000000008a200000, 0x000000008a200000, 0x000000008a300000|  0%| F|  |TAMS 0x000000008a200000, 0x000000008a200000| Untracked 
| 163|0x000000008a300000, 0x000000008a300000, 0x000000008a400000|  0%| F|  |TAMS 0x000000008a300000, 0x000000008a300000| Untracked 
| 164|0x000000008a400000, 0x000000008a400000, 0x000000008a500000|  0%| F|  |TAMS 0x000000008a400000, 0x000000008a400000| Untracked 
| 165|0x000000008a500000, 0x000000008a500000, 0x000000008a600000|  0%| F|  |TAMS 0x000000008a500000, 0x000000008a500000| Untracked 
| 166|0x000000008a600000, 0x000000008a600000, 0x000000008a700000|  0%| F|  |TAMS 0x000000008a600000, 0x000000008a600000| Untracked 
| 167|0x000000008a700000, 0x000000008a700000, 0x000000008a800000|  0%| F|  |TAMS 0x000000008a700000, 0x000000008a700000| Untracked 
| 168|0x000000008a800000, 0x000000008a800000, 0x000000008a900000|  0%| F|  |TAMS 0x000000008a800000, 0x000000008a800000| Untracked 
| 169|0x000000008a900000, 0x000000008a900000, 0x000000008aa00000|  0%| F|  |TAMS 0x000000008a900000, 0x000000008a900000| Untracked 
| 170|0x000000008aa00000, 0x000000008aa00000, 0x000000008ab00000|  0%| F|  |TAMS 0x000000008aa00000, 0x000000008aa00000| Untracked 

Card table byte_map: [0x000001a6f65e0000,0x000001a6f69e0000] _byte_map_base: 0x000001a6f61e0000

Marking Bits (Prev, Next): (CMBitMap*) 0x000001a6e33de5d0, (CMBitMap*) 0x000001a6e33de598
 Prev Bits: [0x000001a6f8de0000, 0x000001a6fade0000)
 Next Bits: [0x000001a6f6de0000, 0x000001a6f8de0000)

Polling page: 0x000001a6e2b80000

Metaspace:

Usage:
  Non-class:     95.65 MB capacity,    93.82 MB ( 98%) used,     1.46 MB (  2%) free+waste,   366.19 KB ( <1%) overhead. 
      Class:     15.21 MB capacity,    14.06 MB ( 92%) used,  1010.39 KB (  6%) free+waste,   167.06 KB (  1%) overhead. 
       Both:    110.85 MB capacity,   107.88 MB ( 97%) used,     2.45 MB (  2%) free+waste,   533.25 KB ( <1%) overhead. 

Virtual space:
  Non-class space:       98.00 MB reserved,      96.42 MB ( 98%) committed 
      Class space:        1.00 GB reserved,      15.75 MB (  2%) committed 
             Both:        1.10 GB reserved,     112.17 MB ( 10%) committed 

Chunk freelists:
   Non-Class:  791.00 KB
       Class:  557.00 KB
        Both:  1.32 MB

MaxMetaspaceSize: 17179869184.00 GB
CompressedClassSpaceSize: 1.00 GB
Initial GC threshold: 20.80 MB
Current GC threshold: 177.78 MB
CDS: off

CodeHeap 'non-profiled nmethods': size=120000Kb used=9634Kb max_used=9634Kb free=110366Kb
 bounds [0x000001a6ee980000, 0x000001a6ef2f0000, 0x000001a6f5eb0000]
CodeHeap 'profiled nmethods': size=120000Kb used=31575Kb max_used=31575Kb free=88424Kb
 bounds [0x000001a6e7450000, 0x000001a6e9330000, 0x000001a6ee980000]
CodeHeap 'non-nmethods': size=5760Kb used=2427Kb max_used=2462Kb free=3332Kb
 bounds [0x000001a6e6eb0000, 0x000001a6e7120000, 0x000001a6e7450000]
 total_blobs=15512 nmethods=14561 adapters=862
 compilation: enabled
              stopped_count=0, restarted_count=0
 full_count=0

Compilation events (20 events):
Event: 28.278 Thread 0x000001a6fd847800 14595       3       sun.security.util.DerValue::<init> (250 bytes)
Event: 28.279 Thread 0x000001a6fd847800 nmethod 14595 0x000001a6e931a590 code [0x000001a6e931aaa0, 0x000001a6e931e178]
Event: 28.279 Thread 0x000001a6fd847800 14596       3       sun.security.util.DerOutputStream::putLength (147 bytes)
Event: 28.281 Thread 0x000001a6fd847800 nmethod 14596 0x000001a6e931f090 code [0x000001a6e931f500, 0x000001a6e9322e28]
Event: 28.281 Thread 0x000001a6fd847800 14600       3       sun.security.provider.SHA::resetHashes (41 bytes)
Event: 28.281 Thread 0x000001a6fd847800 nmethod 14600 0x000001a6e9324310 code [0x000001a6e93244c0, 0x000001a6e9324698]
Event: 28.281 Thread 0x000001a6fd847800 14601       3       java.security.MessageDigest::digest (10 bytes)
Event: 28.281 Thread 0x000001a6fd847800 nmethod 14601 0x000001a6e9324810 code [0x000001a6e93249e0, 0x000001a6e9324e38]
Event: 28.281 Thread 0x000001a6fd847800 14602       3       sun.security.provider.SHA::implReset (13 bytes)
Event: 28.282 Thread 0x000001a6fd847800 nmethod 14602 0x000001a6e9324f90 code [0x000001a6e9325160, 0x000001a6e93252d8]
Event: 28.282 Thread 0x000001a6fd847800 14603       3       sun.security.provider.SHA::implDigest (96 bytes)
Event: 28.282 Thread 0x000001a6fd847800 nmethod 14603 0x000001a6e9325390 code [0x000001a6e93255c0, 0x000001a6e9325b48]
Event: 28.300 Thread 0x000001a6fd846800 

Event: 28.300 Thread 0x000001a6fd846800 14605       4       sun.security.provider.SHA::implCompress0 (482 bytes)
Event: 28.317 Thread 0x000001a6fd846800 nmethod 14605 0x000001a6ef2e6c90 code [0x000001a6ef2e6e40, 0x000001a6ef2e7c38]
Event: 28.317 Thread 0x000001a6fd846800 14604       4       sun.security.provider.SHA::resetHashes (41 bytes)
Event: 28.317 Thread 0x000001a6fd846800 nmethod 14604 0x000001a6ef2e7e10 code [0x000001a6ef2e7fa0, 0x000001a6ef2e8058]
Event: 28.317 Thread 0x000001a6fd846800 14606       4       java.security.MessageDigest::digest (10 bytes)
Event: 28.319 Thread 0x000001a6fd846800 nmethod 14606 0x000001a6ef2e8110 code [0x000001a6ef2e82c0, 0x000001a6ef2e8548]
Event: 28.319 Thread 0x000001a6fd846800 14607       4       sun.security.provider.SHA::implDigest (96 bytes)

GC Heap History (20 events):
Event: 26.032 GC heap after
{Heap after GC invocations=39 (full 0):
 garbage-first heap   total 145408K, used 92309K [0x0000000080000000, 0x0000000100000000)
  region size 1024K, 4 young (4096K), 4 survivors (4096K)
 Metaspace       used 92327K, capacity 94659K, committed 94892K, reserved 1132544K
  class space    used 11920K, capacity 12762K, committed 12800K, reserved 1048576K
}
Event: 26.396 GC heap before
{Heap before GC invocations=40 (full 0):
 garbage-first heap   total 145408K, used 118933K [0x0000000080000000, 0x0000000100000000)
  region size 1024K, 29 young (29696K), 4 survivors (4096K)
 Metaspace       used 94639K, capacity 97050K, committed 97324K, reserved 1134592K
  class space    used 12232K, capacity 13159K, committed 13184K, reserved 1048576K
}
Event: 26.403 GC heap after
{Heap after GC invocations=41 (full 0):
 garbage-first heap   total 145408K, used 94508K [0x0000000080000000, 0x0000000100000000)
  region size 1024K, 4 young (4096K), 4 survivors (4096K)
 Metaspace       used 94639K, capacity 97050K, committed 97324K, reserved 1134592K
  class space    used 12232K, capacity 13159K, committed 13184K, reserved 1048576K
}
Event: 26.445 GC heap before
{Heap before GC invocations=41 (full 0):
 garbage-first heap   total 145408K, used 96556K [0x0000000080000000, 0x0000000100000000)
  region size 1024K, 7 young (7168K), 4 survivors (4096K)
 Metaspace       used 95156K, capacity 97605K, committed 97708K, reserved 1134592K
  class space    used 12314K, capacity 13262K, committed 13312K, reserved 1048576K
}
Event: 26.450 GC heap after
{Heap after GC invocations=42 (full 0):
 garbage-first heap   total 145408K, used 93613K [0x0000000080000000, 0x0000000100000000)
  region size 1024K, 1 young (1024K), 1 survivors (1024K)
 Metaspace       used 95156K, capacity 97605K, committed 97708K, reserved 1134592K
  class space    used 12314K, capacity 13262K, committed 13312K, reserved 1048576K
}
Event: 26.634 GC heap before
{Heap before GC invocations=42 (full 0):
 garbage-first heap   total 145408K, used 118189K [0x0000000080000000, 0x0000000100000000)
  region size 1024K, 26 young (26624K), 1 survivors (1024K)
 Metaspace       used 98190K, capacity 101026K, committed 101164K, reserved 1136640K
  class space    used 12792K, capacity 13871K, committed 13952K, reserved 1048576K
}
Event: 26.648 GC heap after
{Heap after GC invocations=43 (full 0):
 garbage-first heap   total 145408K, used 99818K [0x0000000080000000, 0x0000000100000000)
  region size 1024K, 4 young (4096K), 4 survivors (4096K)
 Metaspace       used 98190K, capacity 101026K, committed 101164K, reserved 1136640K
  class space    used 12792K, capacity 13871K, committed 13952K, reserved 1048576K
}
Event: 26.847 GC heap before
{Heap before GC invocations=44 (full 0):
 garbage-first heap   total 145408K, used 118250K [0x0000000080000000, 0x0000000100000000)
  region size 1024K, 23 young (23552K), 4 survivors (4096K)
 Metaspace       used 101674K, capacity 104810K, committed 105004K, reserved 1140736K
  class space    used 13435K, capacity 14701K, committed 14720K, reserved 1048576K
}
Event: 26.853 GC heap after
{Heap after GC invocations=45 (full 0):
 garbage-first heap   total 145408K, used 101418K [0x0000000080000000, 0x0000000100000000)
  region size 1024K, 2 young (2048K), 2 survivors (2048K)
 Metaspace       used 101674K, capacity 104810K, committed 105004K, reserved 1140736K
  class space    used 13435K, capacity 14701K, committed 14720K, reserved 1048576K
}
Event: 26.896 GC heap before
{Heap before GC invocations=45 (full 0):
 garbage-first heap   total 145408K, used 105514K [0x0000000080000000, 0x0000000100000000)
  region size 1024K, 7 young (7168K), 2 survivors (2048K)
 Metaspace       used 102380K, capacity 105625K, committed 105900K, reserved 1140736K
  class space    used 13524K, capacity 14826K, committed 14848K, reserved 1048576K
}
Event: 26.902 GC heap after
{Heap after GC invocations=46 (full 0):
 garbage-first heap   total 175104K, used 95567K [0x0000000080000000, 0x0000000100000000)
  region size 1024K, 1 young (1024K), 1 survivors (1024K)
 Metaspace       used 102380K, capacity 105625K, committed 105900K, reserved 1140736K
  class space    used 13524K, capacity 14826K, committed 14848K, reserved 1048576K
}
Event: 27.105 GC heap before
{Heap before GC invocations=46 (full 0):
 garbage-first heap   total 175104K, used 127311K [0x0000000080000000, 0x0000000100000000)
  region size 1024K, 32 young (32768K), 1 survivors (1024K)
 Metaspace       used 104608K, capacity 108056K, committed 108076K, reserved 1142784K
  class space    used 13822K, capacity 15229K, committed 15232K, reserved 1048576K
}
Event: 27.109 GC heap after
{Heap after GC invocations=47 (full 0):
 garbage-first heap   total 175104K, used 96003K [0x0000000080000000, 0x0000000100000000)
  region size 1024K, 2 young (2048K), 2 survivors (2048K)
 Metaspace       used 104608K, capacity 108056K, committed 108076K, reserved 1142784K
  class space    used 13822K, capacity 15229K, committed 15232K, reserved 1048576K
}
Event: 27.295 GC heap before
{Heap before GC invocations=48 (full 0):
 garbage-first heap   total 175104K, used 107267K [0x0000000080000000, 0x0000000100000000)
  region size 1024K, 17 young (17408K), 2 survivors (2048K)
 Metaspace       used 104509K, capacity 107385K, committed 109228K, reserved 1142784K
  class space    used 13557K, capacity 14701K, committed 15360K, reserved 1048576K
}
Event: 27.299 GC heap after
{Heap after GC invocations=49 (full 0):
 garbage-first heap   total 175104K, used 94991K [0x0000000080000000, 0x0000000100000000)
  region size 1024K, 3 young (3072K), 3 survivors (3072K)
 Metaspace       used 104509K, capacity 107385K, committed 109228K, reserved 1142784K
  class space    used 13557K, capacity 14701K, committed 15360K, reserved 1048576K
}
Event: 27.844 GC heap before
{Heap before GC invocations=50 (full 0):
 garbage-first heap   total 175104K, used 131855K [0x0000000080000000, 0x0000000100000000)
  region size 1024K, 39 young (39936K), 3 survivors (3072K)
 Metaspace       used 107031K, capacity 109917K, committed 111404K, reserved 1144832K
  class space    used 13989K, capacity 15130K, committed 15744K, reserved 1048576K
}
Event: 27.847 GC heap after
{Heap after GC invocations=51 (full 0):
 garbage-first heap   total 175104K, used 94922K [0x0000000080000000, 0x0000000100000000)
  region size 1024K, 3 young (3072K), 3 survivors (3072K)
 Metaspace       used 107031K, capacity 109917K, committed 111404K, reserved 1144832K
  class space    used 13989K, capacity 15130K, committed 15744K, reserved 1048576K
}
Event: 27.886 GC heap before
{Heap before GC invocations=51 (full 0):
 garbage-first heap   total 175104K, used 100042K [0x0000000080000000, 0x0000000100000000)
  region size 1024K, 8 young (8192K), 3 survivors (3072K)
 Metaspace       used 107416K, capacity 110301K, committed 112044K, reserved 1144832K
  class space    used 14036K, capacity 15194K, committed 15872K, reserved 1048576K
}
Event: 27.889 GC heap after
{Heap after GC invocations=52 (full 0):
 garbage-first heap   total 175104K, used 94393K [0x0000000080000000, 0x0000000100000000)
  region size 1024K, 1 young (1024K), 1 survivors (1024K)
 Metaspace       used 107416K, capacity 110301K, committed 112044K, reserved 1144832K
  class space    used 14036K, capacity 15194K, committed 15872K, reserved 1048576K
}
Event: 28.320 GC heap before
{Heap before GC invocations=52 (full 0):
 garbage-first heap   total 175104K, used 133305K [0x0000000080000000, 0x0000000100000000)
  region size 1024K, 40 young (40960K), 1 survivors (1024K)
 Metaspace       used 110468K, capacity 113512K, committed 114860K, reserved 1148928K
  class space    used 14393K, capacity 15571K, committed 16128K, reserved 1048576K
}

Deoptimization events (20 events):
Event: 28.316 Thread 0x000001a687806000 DEOPT PACKING pc=0x000001a6e7769649 sp=0x00000040f15fd250
Event: 28.316 Thread 0x000001a687806000 DEOPT UNPACKING pc=0x000001a6e6efa95e sp=0x00000040f15fc6c8 mode 0
Event: 28.316 Thread 0x000001a687806000 DEOPT PACKING pc=0x000001a6e7769649 sp=0x00000040f15fd250
Event: 28.316 Thread 0x000001a687806000 DEOPT UNPACKING pc=0x000001a6e6efa95e sp=0x00000040f15fc6c8 mode 0
Event: 28.316 Thread 0x000001a687806000 DEOPT PACKING pc=0x000001a6e7769649 sp=0x00000040f15fd250
Event: 28.316 Thread 0x000001a687806000 DEOPT UNPACKING pc=0x000001a6e6efa95e sp=0x00000040f15fc6c8 mode 0
Event: 28.316 Thread 0x000001a687806000 DEOPT PACKING pc=0x000001a6e7769649 sp=0x00000040f15fd250
Event: 28.316 Thread 0x000001a687806000 DEOPT UNPACKING pc=0x000001a6e6efa95e sp=0x00000040f15fc6c8 mode 0
Event: 28.316 Thread 0x000001a687806000 DEOPT PACKING pc=0x000001a6e7769791 sp=0x00000040f15fd250
Event: 28.316 Thread 0x000001a687806000 DEOPT UNPACKING pc=0x000001a6e6efa95e sp=0x00000040f15fc6c8 mode 0
Event: 28.316 Thread 0x000001a687806000 DEOPT PACKING pc=0x000001a6e77696e6 sp=0x00000040f15fd250
Event: 28.316 Thread 0x000001a687806000 DEOPT UNPACKING pc=0x000001a6e6efa95e sp=0x00000040f15fc6c8 mode 0
Event: 28.316 Thread 0x000001a687806000 DEOPT PACKING pc=0x000001a6e7769649 sp=0x00000040f15fd250
Event: 28.316 Thread 0x000001a687806000 DEOPT UNPACKING pc=0x000001a6e6efa95e sp=0x00000040f15fc6c8 mode 0
Event: 28.316 Thread 0x000001a687806000 DEOPT PACKING pc=0x000001a6e7769649 sp=0x00000040f15fd250
Event: 28.316 Thread 0x000001a687806000 DEOPT UNPACKING pc=0x000001a6e6efa95e sp=0x00000040f15fc6c8 mode 0
Event: 28.316 Thread 0x000001a687806000 DEOPT PACKING pc=0x000001a6e7769649 sp=0x00000040f15fd250
Event: 28.316 Thread 0x000001a687806000 DEOPT UNPACKING pc=0x000001a6e6efa95e sp=0x00000040f15fc6c8 mode 0
Event: 28.317 Thread 0x000001a687806000 DEOPT PACKING pc=0x000001a6e7769649 sp=0x00000040f15fd250
Event: 28.317 Thread 0x000001a687806000 DEOPT UNPACKING pc=0x000001a6e6efa95e sp=0x00000040f15fc6c8 mode 0

Classes redefined (0 events):
No events

Internal exceptions (20 events):
Event: 27.171 Thread 0x000001a68780b800 Exception <a 'sun/nio/fs/WindowsException'{0x000000008a53f610}> (0x000000008a53f610) thrown at [./src/hotspot/share/prims/jni.cpp, line 615]
Event: 27.172 Thread 0x000001a687809000 Exception <a 'sun/nio/fs/WindowsException'{0x000000008a530da8}> (0x000000008a530da8) thrown at [./src/hotspot/share/prims/jni.cpp, line 615]
Event: 27.176 Thread 0x000001a687800000 Exception <a 'sun/nio/fs/WindowsException'{0x000000008a54f9b8}> (0x000000008a54f9b8) thrown at [./src/hotspot/share/prims/jni.cpp, line 615]
Event: 27.181 Thread 0x000001a687800000 Exception <a 'sun/nio/fs/WindowsException'{0x000000008a464010}> (0x000000008a464010) thrown at [./src/hotspot/share/prims/jni.cpp, line 615]
Event: 27.181 Thread 0x000001a687809000 Exception <a 'sun/nio/fs/WindowsException'{0x000000008a49a5e8}> (0x000000008a49a5e8) thrown at [./src/hotspot/share/prims/jni.cpp, line 615]
Event: 27.181 Thread 0x000001a68780b000 Exception <a 'sun/nio/fs/WindowsException'{0x000000008a57fc70}> (0x000000008a57fc70) thrown at [./src/hotspot/share/prims/jni.cpp, line 615]
Event: 27.203 Thread 0x000001a68780b800 Exception <a 'sun/nio/fs/WindowsException'{0x000000008a4f3d78}> (0x000000008a4f3d78) thrown at [./src/hotspot/share/prims/jni.cpp, line 615]
Event: 27.214 Thread 0x000001a687809000 Exception <a 'sun/nio/fs/WindowsException'{0x000000008a3fad78}> (0x000000008a3fad78) thrown at [./src/hotspot/share/prims/jni.cpp, line 615]
Event: 27.221 Thread 0x000001a68780b000 Exception <a 'sun/nio/fs/WindowsException'{0x000000008a2974f8}> (0x000000008a2974f8) thrown at [./src/hotspot/share/prims/jni.cpp, line 615]
Event: 27.223 Thread 0x000001a68780b800 Exception <a 'sun/nio/fs/WindowsException'{0x000000008a14c340}> (0x000000008a14c340) thrown at [./src/hotspot/share/prims/jni.cpp, line 615]
Event: 27.456 Thread 0x000001a6858e4800 Exception <a 'java/lang/NoSuchMethodError'{0x000000008a808ae8}: <clinit>> (0x000000008a808ae8) thrown at [./src/hotspot/share/prims/jni.cpp, line 1365]
Event: 27.628 Thread 0x000001a68780a000 Exception <a 'sun/nio/fs/WindowsException'{0x0000000089dd00c0}> (0x0000000089dd00c0) thrown at [./src/hotspot/share/prims/jni.cpp, line 615]
Event: 27.694 Thread 0x000001a68780a000 Exception <a 'sun/nio/fs/WindowsException'{0x00000000894ad3d0}> (0x00000000894ad3d0) thrown at [./src/hotspot/share/prims/jni.cpp, line 615]
Event: 28.114 Thread 0x000001a6858e4800 Exception <a 'java/lang/NoSuchMethodError'{0x0000000088892f28}: <clinit>> (0x0000000088892f28) thrown at [./src/hotspot/share/prims/jni.cpp, line 1365]
Event: 28.115 Thread 0x000001a6858e4800 Exception <a 'java/lang/NoSuchMethodError'{0x00000000888a56b8}: <clinit>> (0x00000000888a56b8) thrown at [./src/hotspot/share/prims/jni.cpp, line 1365]
Event: 28.169 Thread 0x000001a687806000 Implicit null exception at 0x000001a6ef111d92 to 0x000001a6ef1125a8
Event: 28.212 Thread 0x000001a687806000 Exception <a 'sun/nio/fs/WindowsException'{0x0000000088554e50}> (0x0000000088554e50) thrown at [./src/hotspot/share/prims/jni.cpp, line 615]
Event: 28.235 Thread 0x000001a687806000 Implicit null exception at 0x000001a6eeaa0c18 to 0x000001a6eeaa46d4
Event: 28.280 Thread 0x000001a687806000 Exception <a 'java/lang/NoSuchMethodError'{0x0000000088404fa0}: 'java.lang.Object java.lang.invoke.DirectMethodHandle$Holder.invokeStatic(java.lang.Object, java.lang.Object, java.lang.Object, java.lang.Object, java.lang.Object, int, java.lang.Object)'> (0x0000000088404fa0) thrown at [./src/hotspot/share/interpreter/linkResolver.cpp, line 773]
Event: 28.280 Thread 0x000001a687806000 Exception <a 'java/lang/NoSuchMethodError'{0x000000008840c1a0}: 'java.lang.Object java.lang.invoke.Invokers$Holder.linkToTargetMethod(java.lang.Object, java.lang.Object, java.lang.Object, java.lang.Object, int, java.lang.Object, java.lang.Object)'> (0x000000008840c1a0) thrown at [./src/hotspot/share/interpreter/linkResolver.cpp, line 773]

Events (20 events):
Event: 28.259 loading class com/sun/crypto/provider/PBKDF2KeyImpl$1 done
Event: 28.275 loading class javax/crypto/spec/SecretKeySpec
Event: 28.276 loading class javax/crypto/spec/SecretKeySpec done
Event: 28.276 loading class javax/crypto/NullCipher
Event: 28.276 loading class javax/crypto/NullCipher done
Event: 28.276 loading class sun/security/util/ArrayUtil
Event: 28.276 loading class sun/security/util/ArrayUtil done
Event: 28.277 Executing VM operation: RevokeBias
Event: 28.277 Executing VM operation: RevokeBias done
Event: 28.278 loading class sun/security/pkcs12/PKCS12KeyStore$CertEntry
Event: 28.278 loading class sun/security/pkcs12/PKCS12KeyStore$CertEntry done
Event: 28.278 loading class sun/security/pkcs12/MacData
Event: 28.279 loading class sun/security/pkcs12/MacData done
Event: 28.280 loading class com/sun/crypto/provider/HmacPKCS12PBECore$HmacPKCS12PBE_SHA1
Event: 28.280 loading class com/sun/crypto/provider/HmacPKCS12PBECore
Event: 28.280 loading class com/sun/crypto/provider/HmacPKCS12PBECore done
Event: 28.280 loading class com/sun/crypto/provider/HmacPKCS12PBECore$HmacPKCS12PBE_SHA1 done
Event: 28.281 loading class com/sun/crypto/provider/PKCS12PBECipherCore
Event: 28.281 loading class com/sun/crypto/provider/PKCS12PBECipherCore done
Event: 28.320 Executing VM operation: G1CollectForAllocation


Dynamic libraries:
0x00007ff71de20000 - 0x00007ff71de2a000 	D:\Android\jre\bin\java.exe
0x00007ff9233f0000 - 0x00007ff9235e8000 	C:\Windows\SYSTEM32\ntdll.dll
0x00007ff921fc0000 - 0x00007ff92207f000 	C:\Windows\System32\KERNEL32.DLL
0x00007ff920b80000 - 0x00007ff920e52000 	C:\Windows\System32\KERNELBASE.dll
0x00007ff921220000 - 0x00007ff921320000 	C:\Windows\System32\ucrtbase.dll
0x00007ff91b260000 - 0x00007ff91b279000 	D:\Android\jre\bin\jli.dll
0x00007ff922620000 - 0x00007ff9227bd000 	C:\Windows\System32\USER32.dll
0x00007ff911520000 - 0x00007ff9117ba000 	C:\Windows\WinSxS\amd64_microsoft.windows.common-controls_6595b64144ccf1df_6.0.19041.1110_none_60b5254171f9507e\COMCTL32.dll
0x00007ff921390000 - 0x00007ff9213b2000 	C:\Windows\System32\win32u.dll
0x00007ff921e60000 - 0x00007ff921e8b000 	C:\Windows\System32\GDI32.dll
0x00007ff922580000 - 0x00007ff92261e000 	C:\Windows\System32\msvcrt.dll
0x00007ff920e60000 - 0x00007ff920f6f000 	C:\Windows\System32\gdi32full.dll
0x00007ff921180000 - 0x00007ff92121d000 	C:\Windows\System32\msvcp_win.dll
0x00007ff91acb0000 - 0x00007ff91acc7000 	D:\Android\jre\bin\VCRUNTIME140.dll
0x00007ff9214f0000 - 0x00007ff921522000 	C:\Windows\System32\IMM32.DLL
0x00007ff8fe0a0000 - 0x00007ff8fe13d000 	D:\Android\jre\bin\msvcp140.dll
0x00007ff8af860000 - 0x00007ff8b0345000 	D:\Android\jre\bin\server\jvm.dll
0x00007ff9227c0000 - 0x00007ff92286e000 	C:\Windows\System32\ADVAPI32.dll
0x00007ff921530000 - 0x00007ff9215cc000 	C:\Windows\System32\sechost.dll
0x00007ff921710000 - 0x00007ff921835000 	C:\Windows\System32\RPCRT4.dll
0x00007ff921700000 - 0x00007ff921708000 	C:\Windows\System32\PSAPI.DLL
0x00007ff9182e0000 - 0x00007ff918307000 	C:\Windows\SYSTEM32\WINMM.dll
0x00007ff919da0000 - 0x00007ff919daa000 	C:\Windows\SYSTEM32\VERSION.dll
0x00007ff91dcb0000 - 0x00007ff91dcb9000 	C:\Windows\SYSTEM32\WSOCK32.dll
0x00007ff922920000 - 0x00007ff92298b000 	C:\Windows\System32\ws2_32.DLL
0x00007ff91f340000 - 0x00007ff91f352000 	C:\Windows\SYSTEM32\kernel.appcore.dll
0x00007ff91b2c0000 - 0x00007ff91b2d1000 	D:\Android\jre\bin\verify.dll
0x00007ff91e980000 - 0x00007ff91eb64000 	C:\Windows\SYSTEM32\DBGHELP.DLL
0x00007ff909180000 - 0x00007ff9091ac000 	C:\Windows\SYSTEM32\dbgcore.DLL
0x00007ff920af0000 - 0x00007ff920b72000 	C:\Windows\System32\bcryptPrimitives.dll
0x00007ff91a840000 - 0x00007ff91a869000 	D:\Android\jre\bin\java.dll
0x00007ff91b320000 - 0x00007ff91b32b000 	D:\Android\jre\bin\jimage.dll
0x00007ff91a800000 - 0x00007ff91a818000 	D:\Android\jre\bin\zip.dll
0x00007ff922ba0000 - 0x00007ff9232e3000 	C:\Windows\System32\SHELL32.dll
0x00007ff91eb90000 - 0x00007ff91f322000 	C:\Windows\SYSTEM32\windows.storage.dll
0x00007ff922220000 - 0x00007ff922574000 	C:\Windows\System32\combase.dll
0x00007ff920550000 - 0x00007ff920580000 	C:\Windows\SYSTEM32\Wldp.dll
0x00007ff921440000 - 0x00007ff9214ed000 	C:\Windows\System32\SHCORE.dll
0x00007ff9216a0000 - 0x00007ff9216f5000 	C:\Windows\System32\shlwapi.dll
0x00007ff920a30000 - 0x00007ff920a4f000 	C:\Windows\SYSTEM32\profapi.dll
0x00007ff918680000 - 0x00007ff91869a000 	D:\Android\jre\bin\net.dll
0x00007ff910990000 - 0x00007ff910a9c000 	C:\Windows\SYSTEM32\WINHTTP.dll
0x00007ff920260000 - 0x00007ff9202ca000 	C:\Windows\system32\mswsock.dll
0x00007ff914c60000 - 0x00007ff914c74000 	D:\Android\jre\bin\nio.dll
0x00007ff8f5120000 - 0x00007ff8f5147000 	C:\Users\LENOVO\.gradle\native\e1d6ef7f7dcc3fd88c89a11ec53ec762bb8ba0a96d01ffa2cd45eb1d1d8dd5c5\windows-amd64\native-platform.dll
0x00007ff8f5870000 - 0x00007ff8f59b4000 	C:\Users\LENOVO\.gradle\native\5664cfc778a61ccfe75a443a1ab52a65af34e5dc3c78e0209fed803814484fcb\windows-amd64\native-platform-file-events.dll
0x00007ff91b2b0000 - 0x00007ff91b2ba000 	D:\Android\jre\bin\management.dll
0x00007ff91a910000 - 0x00007ff91a91d000 	D:\Android\jre\bin\management_ext.dll
0x00007ff9204a0000 - 0x00007ff9204b8000 	C:\Windows\SYSTEM32\CRYPTSP.dll
0x00007ff91faf0000 - 0x00007ff91fb24000 	C:\Windows\system32\rsaenh.dll
0x00007ff921410000 - 0x00007ff921437000 	C:\Windows\System32\bcrypt.dll
0x00007ff9209b0000 - 0x00007ff9209de000 	C:\Windows\SYSTEM32\USERENV.dll
0x00007ff9204c0000 - 0x00007ff9204cc000 	C:\Windows\SYSTEM32\CRYPTBASE.dll
0x00007ff91ff30000 - 0x00007ff91ff6b000 	C:\Windows\SYSTEM32\IPHLPAPI.DLL
0x00007ff922210000 - 0x00007ff922218000 	C:\Windows\System32\NSI.dll
0x00007ff918310000 - 0x00007ff918327000 	C:\Windows\SYSTEM32\dhcpcsvc6.DLL
0x00007ff919db0000 - 0x00007ff919dcd000 	C:\Windows\SYSTEM32\dhcpcsvc.DLL
0x00007ff91ff70000 - 0x00007ff92003a000 	C:\Windows\SYSTEM32\DNSAPI.dll
0x00007ff907800000 - 0x00007ff907827000 	D:\Android\jre\bin\sunec.dll

dbghelp: loaded successfully - version: 4.0.5 - missing functions: none
symbol engine: initialized successfully - sym options: 0x614 - pdb path: .;D:\Android\jre\bin;C:\Windows\SYSTEM32;C:\Windows\WinSxS\amd64_microsoft.windows.common-controls_6595b64144ccf1df_6.0.19041.1110_none_60b5254171f9507e;D:\Android\jre\bin\server;C:\Users\LENOVO\.gradle\native\e1d6ef7f7dcc3fd88c89a11ec53ec762bb8ba0a96d01ffa2cd45eb1d1d8dd5c5\windows-amd64;C:\Users\LENOVO\.gradle\native\5664cfc778a61ccfe75a443a1ab52a65af34e5dc3c78e0209fed803814484fcb\windows-amd64

VM Arguments:
jvm_args: --add-opens=java.base/java.util=ALL-UNNAMED --add-opens=java.base/java.lang=ALL-UNNAMED --add-opens=java.base/java.lang.invoke=ALL-UNNAMED --add-opens=java.base/java.util=ALL-UNNAMED --add-opens=java.prefs/java.util.prefs=ALL-UNNAMED --add-opens=java.prefs/java.util.prefs=ALL-UNNAMED --add-opens=java.base/java.nio.charset=ALL-UNNAMED --add-opens=java.base/java.net=ALL-UNNAMED --add-opens=java.base/java.util.concurrent.atomic=ALL-UNNAMED -Xmx2048m -Dfile.encoding=UTF-8 -Duser.country=US -Duser.language=en -Duser.variant 
java_command: org.gradle.launcher.daemon.bootstrap.GradleDaemon 7.3.3
java_class_path (initial): C:\Users\LENOVO\.gradle\wrapper\dists\gradle-7.3.3-bin\6a41zxkdtcxs8rphpq6y0069z\gradle-7.3.3\lib\gradle-launcher-7.3.3.jar
Launcher Type: SUN_STANDARD

[Global flags]
     intx CICompilerCount                          = 4                                         {product} {ergonomic}
     uint ConcGCThreads                            = 2                                         {product} {ergonomic}
     uint G1ConcRefinementThreads                  = 8                                         {product} {ergonomic}
   size_t G1HeapRegionSize                         = 1048576                                   {product} {ergonomic}
    uintx GCDrainStackTargetSize                   = 64                                        {product} {ergonomic}
   size_t InitialHeapSize                          = 123731968                                 {product} {ergonomic}
   size_t MarkStackSize                            = 4194304                                   {product} {ergonomic}
   size_t MaxHeapSize                              = 2147483648                                {product} {command line}
   size_t MaxNewSize                               = 1287651328                                {product} {ergonomic}
   size_t MinHeapDeltaBytes                        = 1048576                                   {product} {ergonomic}
    uintx NonNMethodCodeHeapSize                   = 5836300                                {pd product} {ergonomic}
    uintx NonProfiledCodeHeapSize                  = 122910970                              {pd product} {ergonomic}
    uintx ProfiledCodeHeapSize                     = 122910970                              {pd product} {ergonomic}
    uintx ReservedCodeCacheSize                    = 251658240                              {pd product} {ergonomic}
     bool SegmentedCodeCache                       = true                                      {product} {ergonomic}
     bool UseCompressedClassPointers               = true                                 {lp64_product} {ergonomic}
     bool UseCompressedOops                        = true                                 {lp64_product} {ergonomic}
     bool UseG1GC                                  = true                                      {product} {ergonomic}
     bool UseLargePagesIndividualAllocation        = false                                  {pd product} {ergonomic}

Logging:
Log output configuration:
 #0: stdout all=warning uptime,level,tags
 #1: stderr all=off uptime,level,tags

Environment Variables:
PATH=C:\Program Files (x86)\Common Files\Oracle\Java\javapath;C:\oraclexe\app\oracle\product\10.2.0\server\bin;C:\Program Files\Eclipse Foundation\jdk-16.0.2.7-hotspot\bin;C:\Windows\system32;C:\Windows;C:\Windows\System32\Wbem;C:\Windows\System32\WindowsPowerShell\v1.0\;C:\Windows\System32\OpenSSH\;D:\runtime\win64;D:\bin;C:\Program Files\Git\cmd;D:\nodejs\;C:\Users\LENOVO\AppData\Local\Programs\Python\Python37\Scripts\;C:\Users\LENOVO\AppData\Local\Programs\Python\Python37\;C:\Users\LENOVO\AppData\Local\Microsoft\WindowsApps;C:\Users\LENOVO\AppData\Local\Programs\Microsoft VS Code\bin;C:\msys64\mingw64\bin;C:\Users\LENOVO\AppData\Roaming\npm
USERNAME=LENOVO
OS=Windows_NT
PROCESSOR_IDENTIFIER=AMD64 Family 23 Model 96 Stepping 1, AuthenticAMD



---------------  S Y S T E M  ---------------

OS: Windows 10 , 64 bit Build 19041 (10.0.19041.2251)
OS uptime: 9 days 6:34 hours

CPU:total 8 (initial active 8) (8 cores per cpu, 1 threads per core) family 23 model 96 stepping 1 microcode 0x0, cmov, cx8, fxsr, mmx, sse, sse2, sse3, ssse3, sse4.1, sse4.2, popcnt, avx, avx2, aes, clmul, mmxext, 3dnowpref, lzcnt, sse4a, tsc, tscinvbit, tscinv, bmi1, bmi2, adx, sha, fma

Memory: 4k page, system-wide physical 7542M (602M free)
TotalPageFile size 31094M (AvailPageFile size 13M)
current process WorkingSet (physical memory assigned to process): 513M, peak: 513M
current process commit charge ("private bytes"): 559M, peak: 590M

vm_info: OpenJDK 64-Bit Server VM (11.0.12+7-b1504.28-7817840) for windows-amd64 JRE (11.0.12+7-b1504.28-7817840), built on Oct 13 2021 22:12:33 by "builder" with MS VC++ 14.0 (VS2015)

END.
